<?xml version="1.0" encoding="UTF-8"?>
<coverage generated="1547370130383" clover="3.2.0">
  <project timestamp="1547370130384" name="All files">
    <metrics statements="93" coveredstatements="54" conditionals="11" coveredconditionals="6" methods="45" coveredmethods="25" elements="149" coveredelements="85" complexity="0" loc="93" ncloc="93" packages="7" files="24" classes="24">
      <package name="src">
        <metrics statements="8" coveredstatements="2" conditionals="0" coveredconditionals="0" methods="1" coveredmethods="1"/>
        <file name="app.js" path="/Users/oluwakunlefakorede/Desktop/FrostyFood/Food-Fast-Food/client/src/app.js">
          <metrics statements="1" coveredstatements="1" conditionals="0" coveredconditionals="0" methods="1" coveredmethods="1"/>
          <line num="20" count="1" type="stmt"/>
        </file>
        <file name="const.js" path="/Users/oluwakunlefakorede/Desktop/FrostyFood/Food-Fast-Food/client/src/const.js">
          <metrics statements="1" coveredstatements="1" conditionals="0" coveredconditionals="0" methods="0" coveredmethods="0"/>
          <line num="2" count="4" type="stmt"/>
        </file>
        <file name="index.js" path="/Users/oluwakunlefakorede/Desktop/FrostyFood/Food-Fast-Food/client/src/index.js">
          <metrics statements="6" coveredstatements="0" conditionals="0" coveredconditionals="0" methods="0" coveredmethods="0"/>
          <line num="1" count="0" type="stmt"/>
          <line num="2" count="0" type="stmt"/>
          <line num="3" count="0" type="stmt"/>
          <line num="4" count="0" type="stmt"/>
          <line num="5" count="0" type="stmt"/>
          <line num="7" count="0" type="stmt"/>
        </file>
      </package>
      <package name="src.actions">
        <metrics statements="18" coveredstatements="18" conditionals="0" coveredconditionals="0" methods="11" coveredmethods="11"/>
        <file name="types.js" path="/Users/oluwakunlefakorede/Desktop/FrostyFood/Food-Fast-Food/client/src/actions/types.js">
          <metrics statements="3" coveredstatements="3" conditionals="0" coveredconditionals="0" methods="0" coveredmethods="0"/>
          <line num="1" count="5" type="stmt"/>
          <line num="2" count="5" type="stmt"/>
          <line num="3" count="5" type="stmt"/>
        </file>
        <file name="userAction.js" path="/Users/oluwakunlefakorede/Desktop/FrostyFood/Food-Fast-Food/client/src/actions/userAction.js">
          <metrics statements="15" coveredstatements="15" conditionals="0" coveredconditionals="0" methods="11" coveredmethods="11"/>
          <line num="8" count="4" type="stmt"/>
          <line num="9" count="4" type="stmt"/>
          <line num="10" count="4" type="stmt"/>
          <line num="12" count="4" type="stmt"/>
          <line num="13" count="2" type="stmt"/>
          <line num="15" count="1" type="stmt"/>
          <line num="16" count="1" type="stmt"/>
          <line num="17" count="1" type="stmt"/>
          <line num="20" count="1" type="stmt"/>
          <line num="24" count="4" type="stmt"/>
          <line num="25" count="2" type="stmt"/>
          <line num="27" count="1" type="stmt"/>
          <line num="28" count="1" type="stmt"/>
          <line num="29" count="1" type="stmt"/>
          <line num="32" count="1" type="stmt"/>
        </file>
      </package>
      <package name="src.components.forms">
        <metrics statements="16" coveredstatements="6" conditionals="0" coveredconditionals="0" methods="12" coveredmethods="2"/>
        <file name="LoginForm.jsx" path="/Users/oluwakunlefakorede/Desktop/FrostyFood/Food-Fast-Food/client/src/components/forms/LoginForm.jsx">
          <metrics statements="5" coveredstatements="2" conditionals="0" coveredconditionals="0" methods="4" coveredmethods="1"/>
          <line num="3" count="4" type="stmt"/>
          <line num="4" count="1" type="stmt"/>
          <line num="5" count="0" type="stmt"/>
          <line num="7" count="0" type="stmt"/>
          <line num="10" count="0" type="stmt"/>
        </file>
        <file name="MenuForm.jsx" path="/Users/oluwakunlefakorede/Desktop/FrostyFood/Food-Fast-Food/client/src/components/forms/MenuForm.jsx">
          <metrics statements="2" coveredstatements="1" conditionals="0" coveredconditionals="0" methods="1" coveredmethods="0"/>
          <line num="3" count="1" type="stmt"/>
          <line num="4" count="0" type="stmt"/>
        </file>
        <file name="SearchForm.jsx" path="/Users/oluwakunlefakorede/Desktop/FrostyFood/Food-Fast-Food/client/src/components/forms/SearchForm.jsx">
          <metrics statements="2" coveredstatements="1" conditionals="0" coveredconditionals="0" methods="1" coveredmethods="0"/>
          <line num="3" count="1" type="stmt"/>
          <line num="4" count="0" type="stmt"/>
        </file>
        <file name="SignupForm.jsx" path="/Users/oluwakunlefakorede/Desktop/FrostyFood/Food-Fast-Food/client/src/components/forms/SignupForm.jsx">
          <metrics statements="7" coveredstatements="2" conditionals="0" coveredconditionals="0" methods="6" coveredmethods="1"/>
          <line num="3" count="3" type="stmt"/>
          <line num="4" count="1" type="stmt"/>
          <line num="5" count="0" type="stmt"/>
          <line num="7" count="0" type="stmt"/>
          <line num="10" count="0" type="stmt"/>
          <line num="13" count="0" type="stmt"/>
          <line num="16" count="0" type="stmt"/>
        </file>
      </package>
      <package name="src.components.pages">
        <metrics statements="33" coveredstatements="21" conditionals="4" coveredconditionals="2" methods="19" coveredmethods="9"/>
        <file name="AddFood.jsx" path="/Users/oluwakunlefakorede/Desktop/FrostyFood/Food-Fast-Food/client/src/components/pages/AddFood.jsx">
          <metrics statements="1" coveredstatements="0" conditionals="0" coveredconditionals="0" methods="1" coveredmethods="0"/>
          <line num="6" count="0" type="stmt"/>
        </file>
        <file name="CompletedOrderPage.jsx" path="/Users/oluwakunlefakorede/Desktop/FrostyFood/Food-Fast-Food/client/src/components/pages/CompletedOrderPage.jsx">
          <metrics statements="1" coveredstatements="0" conditionals="0" coveredconditionals="0" methods="1" coveredmethods="0"/>
          <line num="5" count="0" type="stmt"/>
        </file>
        <file name="ConfirmOrderPage.jsx" path="/Users/oluwakunlefakorede/Desktop/FrostyFood/Food-Fast-Food/client/src/components/pages/ConfirmOrderPage.jsx">
          <metrics statements="1" coveredstatements="0" conditionals="0" coveredconditionals="0" methods="1" coveredmethods="0"/>
          <line num="5" count="0" type="stmt"/>
        </file>
        <file name="EditFood.jsx" path="/Users/oluwakunlefakorede/Desktop/FrostyFood/Food-Fast-Food/client/src/components/pages/EditFood.jsx">
          <metrics statements="1" coveredstatements="0" conditionals="0" coveredconditionals="0" methods="1" coveredmethods="0"/>
          <line num="6" count="0" type="stmt"/>
        </file>
        <file name="ErrorPage.jsx" path="/Users/oluwakunlefakorede/Desktop/FrostyFood/Food-Fast-Food/client/src/components/pages/ErrorPage.jsx">
          <metrics statements="2" coveredstatements="1" conditionals="0" coveredconditionals="0" methods="1" coveredmethods="0"/>
          <line num="3" count="1" type="stmt"/>
          <line num="4" count="0" type="stmt"/>
        </file>
        <file name="Homepage.jsx" path="/Users/oluwakunlefakorede/Desktop/FrostyFood/Food-Fast-Food/client/src/components/pages/Homepage.jsx">
          <metrics statements="1" coveredstatements="1" conditionals="0" coveredconditionals="0" methods="1" coveredmethods="1"/>
          <line num="8" count="1" type="stmt"/>
        </file>
        <file name="LoginPage.jsx" path="/Users/oluwakunlefakorede/Desktop/FrostyFood/Food-Fast-Food/client/src/components/pages/LoginPage.jsx">
          <metrics statements="12" coveredstatements="10" conditionals="2" coveredconditionals="1" methods="5" coveredmethods="4"/>
          <line num="15" count="2" type="stmt"/>
          <line num="16" count="2" type="cond" truecount="1" falsecount="1"/>
          <line num="17" count="0" type="stmt"/>
          <line num="21" count="2" type="stmt"/>
          <line num="26" count="1" type="stmt"/>
          <line num="27" count="1" type="stmt"/>
          <line num="28" count="1" type="stmt"/>
          <line num="29" count="1" type="stmt"/>
          <line num="30" count="1" type="stmt"/>
          <line num="33" count="3" type="stmt"/>
          <line num="63" count="2" type="stmt"/>
          <line num="64" count="0" type="stmt"/>
        </file>
        <file name="OrderHistory.jsx" path="/Users/oluwakunlefakorede/Desktop/FrostyFood/Food-Fast-Food/client/src/components/pages/OrderHistory.jsx">
          <metrics statements="1" coveredstatements="0" conditionals="0" coveredconditionals="0" methods="1" coveredmethods="0"/>
          <line num="5" count="0" type="stmt"/>
        </file>
        <file name="OrderList.jsx" path="/Users/oluwakunlefakorede/Desktop/FrostyFood/Food-Fast-Food/client/src/components/pages/OrderList.jsx">
          <metrics statements="1" coveredstatements="0" conditionals="0" coveredconditionals="0" methods="1" coveredmethods="0"/>
          <line num="5" count="0" type="stmt"/>
        </file>
        <file name="OrderPage.jsx" path="/Users/oluwakunlefakorede/Desktop/FrostyFood/Food-Fast-Food/client/src/components/pages/OrderPage.jsx">
          <metrics statements="1" coveredstatements="0" conditionals="0" coveredconditionals="0" methods="1" coveredmethods="0"/>
          <line num="6" count="0" type="stmt"/>
        </file>
        <file name="SignupPage.jsx" path="/Users/oluwakunlefakorede/Desktop/FrostyFood/Food-Fast-Food/client/src/components/pages/SignupPage.jsx">
          <metrics statements="11" coveredstatements="9" conditionals="2" coveredconditionals="1" methods="5" coveredmethods="4"/>
          <line num="17" count="4" type="stmt"/>
          <line num="18" count="4" type="cond" truecount="1" falsecount="1"/>
          <line num="19" count="0" type="stmt"/>
          <line num="24" count="4" type="stmt"/>
          <line num="29" count="1" type="stmt"/>
          <line num="30" count="1" type="stmt"/>
          <line num="31" count="1" type="stmt"/>
          <line num="32" count="1" type="stmt"/>
          <line num="35" count="5" type="stmt"/>
          <line num="65" count="2" type="stmt"/>
          <line num="66" count="0" type="stmt"/>
        </file>
      </package>
      <package name="src.helpers">
        <metrics statements="1" coveredstatements="1" conditionals="0" coveredconditionals="0" methods="1" coveredmethods="1"/>
        <file name="setStorage.js" path="/Users/oluwakunlefakorede/Desktop/FrostyFood/Food-Fast-Food/client/src/helpers/setStorage.js">
          <metrics statements="1" coveredstatements="1" conditionals="0" coveredconditionals="0" methods="1" coveredmethods="1"/>
          <line num="1" count="4" type="stmt"/>
        </file>
      </package>
      <package name="src.reducers">
        <metrics statements="10" coveredstatements="6" conditionals="5" coveredconditionals="4" methods="1" coveredmethods="1"/>
        <file name="index.js" path="/Users/oluwakunlefakorede/Desktop/FrostyFood/Food-Fast-Food/client/src/reducers/index.js">
          <metrics statements="3" coveredstatements="0" conditionals="0" coveredconditionals="0" methods="0" coveredmethods="0"/>
          <line num="1" count="0" type="stmt"/>
          <line num="2" count="0" type="stmt"/>
          <line num="4" count="0" type="stmt"/>
        </file>
        <file name="userReducer.js" path="/Users/oluwakunlefakorede/Desktop/FrostyFood/Food-Fast-Food/client/src/reducers/userReducer.js">
          <metrics statements="7" coveredstatements="6" conditionals="5" coveredconditionals="4" methods="1" coveredmethods="1"/>
          <line num="1" count="1" type="stmt"/>
          <line num="6" count="1" type="cond" truecount="1" falsecount="0"/>
          <line num="7" count="3" type="cond" truecount="3" falsecount="1"/>
          <line num="9" count="1" type="stmt"/>
          <line num="16" count="1" type="stmt"/>
          <line num="23" count="1" type="stmt"/>
          <line num="29" count="0" type="stmt"/>
        </file>
      </package>
      <package name="src.store">
        <metrics statements="7" coveredstatements="0" conditionals="2" coveredconditionals="0" methods="0" coveredmethods="0"/>
        <file name="index.js" path="/Users/oluwakunlefakorede/Desktop/FrostyFood/Food-Fast-Food/client/src/store/index.js">
          <metrics statements="7" coveredstatements="0" conditionals="2" coveredconditionals="0" methods="0" coveredmethods="0"/>
          <line num="1" count="0" type="stmt"/>
          <line num="2" count="0" type="stmt"/>
          <line num="3" count="0" type="stmt"/>
          <line num="5" count="0" type="stmt"/>
          <line num="6" count="0" type="stmt"/>
          <line num="7" count="0" type="cond" truecount="0" falsecount="2"/>
          <line num="9" count="0" type="stmt"/>
        </file>
      </package>
    </metrics>
  </project>
</coverage>
