{"/Users/oluwakunlefakorede/Desktop/FrostyFood/Food-Fast-Food/client/src/App.js": {"data":{"path":"/Users/oluwakunlefakorede/Desktop/FrostyFood/Food-Fast-Food/client/src/App.js","statementMap":{"0":{"start":{"line":19,"column":4},"end":{"line":37,"column":6}}},"fnMap":{"0":{"name":"(anonymous_0)","decl":{"start":{"line":18,"column":2},"end":{"line":18,"column":3}},"loc":{"start":{"line":18,"column":11},"end":{"line":38,"column":3}},"line":18}},"branchMap":{},"s":{"0":1},"f":{"0":1},"b":{},"_coverageSchema":"332fd63041d2c1bcb487cc26dd0d5f7d97098a6c","hash":"6c0454e3442a41ff5d354b04fbb6a2820fee7f5d"}}
,"/Users/oluwakunlefakorede/Desktop/FrostyFood/Food-Fast-Food/client/src/const.js": {"data":{"path":"/Users/oluwakunlefakorede/Desktop/FrostyFood/Food-Fast-Food/client/src/const.js","statementMap":{"0":{"start":{"line":2,"column":23},"end":{"line":2,"column":46}}},"fnMap":{},"branchMap":{},"s":{"0":10},"f":{},"b":{},"_coverageSchema":"332fd63041d2c1bcb487cc26dd0d5f7d97098a6c","hash":"2a9b1e9504b3d741c6ab25f4c57dc3260445acd2"}}
,"/Users/oluwakunlefakorede/Desktop/FrostyFood/Food-Fast-Food/client/src/index.js": {"path":"/Users/oluwakunlefakorede/Desktop/FrostyFood/Food-Fast-Food/client/src/index.js","statementMap":{"0":{"start":{"line":1,"column":0},"end":{"line":null,"column":-1}},"1":{"start":{"line":2,"column":0},"end":{"line":null,"column":-1}},"2":{"start":{"line":3,"column":0},"end":{"line":null,"column":-1}},"3":{"start":{"line":4,"column":0},"end":{"line":null,"column":-1}},"4":{"start":{"line":5,"column":0},"end":{"line":null,"column":-1}},"5":{"start":{"line":7,"column":0},"end":{"line":null,"column":-1}}},"fnMap":{},"branchMap":{},"s":{"0":0,"1":0,"2":0,"3":0,"4":0,"5":0},"f":{},"b":{}}
,"/Users/oluwakunlefakorede/Desktop/FrostyFood/Food-Fast-Food/client/src/actions/menuAction.js": {"data":{"path":"/Users/oluwakunlefakorede/Desktop/FrostyFood/Food-Fast-Food/client/src/actions/menuAction.js","statementMap":{"0":{"start":{"line":7,"column":25},"end":{"line":7,"column":59}},"1":{"start":{"line":7,"column":36},"end":{"line":7,"column":58}},"2":{"start":{"line":8,"column":25},"end":{"line":8,"column":63}},"3":{"start":{"line":8,"column":36},"end":{"line":8,"column":62}},"4":{"start":{"line":9,"column":25},"end":{"line":9,"column":64}},"5":{"start":{"line":9,"column":37},"end":{"line":9,"column":63}},"6":{"start":{"line":12,"column":26},"end":{"line":25,"column":1}},"7":{"start":{"line":12,"column":32},"end":{"line":25,"column":1}},"8":{"start":{"line":13,"column":2},"end":{"line":13,"column":31}},"9":{"start":{"line":14,"column":18},"end":{"line":14,"column":37}},"10":{"start":{"line":15,"column":2},"end":{"line":15,"column":60}},"11":{"start":{"line":16,"column":2},"end":{"line":24,"column":5}},"12":{"start":{"line":18,"column":4},"end":{"line":18,"column":40}},"13":{"start":{"line":19,"column":4},"end":{"line":19,"column":34}},"14":{"start":{"line":22,"column":4},"end":{"line":22,"column":33}},"15":{"start":{"line":23,"column":4},"end":{"line":23,"column":34}},"16":{"start":{"line":27,"column":26},"end":{"line":41,"column":1}},"17":{"start":{"line":27,"column":32},"end":{"line":41,"column":1}},"18":{"start":{"line":28,"column":2},"end":{"line":28,"column":31}},"19":{"start":{"line":29,"column":18},"end":{"line":29,"column":37}},"20":{"start":{"line":30,"column":18},"end":{"line":30,"column":39}},"21":{"start":{"line":31,"column":2},"end":{"line":31,"column":60}},"22":{"start":{"line":32,"column":2},"end":{"line":40,"column":5}},"23":{"start":{"line":34,"column":4},"end":{"line":34,"column":37}},"24":{"start":{"line":35,"column":4},"end":{"line":35,"column":34}},"25":{"start":{"line":38,"column":4},"end":{"line":38,"column":33}},"26":{"start":{"line":39,"column":4},"end":{"line":39,"column":34}}},"fnMap":{"0":{"name":"(anonymous_0)","decl":{"start":{"line":7,"column":25},"end":{"line":7,"column":26}},"loc":{"start":{"line":7,"column":36},"end":{"line":7,"column":58}},"line":7},"1":{"name":"(anonymous_1)","decl":{"start":{"line":8,"column":25},"end":{"line":8,"column":26}},"loc":{"start":{"line":8,"column":36},"end":{"line":8,"column":62}},"line":8},"2":{"name":"(anonymous_2)","decl":{"start":{"line":9,"column":25},"end":{"line":9,"column":26}},"loc":{"start":{"line":9,"column":37},"end":{"line":9,"column":63}},"line":9},"3":{"name":"(anonymous_3)","decl":{"start":{"line":12,"column":26},"end":{"line":12,"column":27}},"loc":{"start":{"line":12,"column":32},"end":{"line":25,"column":1}},"line":12},"4":{"name":"(anonymous_4)","decl":{"start":{"line":12,"column":32},"end":{"line":12,"column":33}},"loc":{"start":{"line":12,"column":44},"end":{"line":25,"column":1}},"line":12},"5":{"name":"(anonymous_5)","decl":{"start":{"line":17,"column":8},"end":{"line":17,"column":9}},"loc":{"start":{"line":17,"column":31},"end":{"line":20,"column":3}},"line":17},"6":{"name":"(anonymous_6)","decl":{"start":{"line":21,"column":9},"end":{"line":21,"column":10}},"loc":{"start":{"line":21,"column":24},"end":{"line":24,"column":3}},"line":21},"7":{"name":"(anonymous_7)","decl":{"start":{"line":27,"column":26},"end":{"line":27,"column":27}},"loc":{"start":{"line":27,"column":32},"end":{"line":41,"column":1}},"line":27},"8":{"name":"(anonymous_8)","decl":{"start":{"line":27,"column":32},"end":{"line":27,"column":33}},"loc":{"start":{"line":27,"column":44},"end":{"line":41,"column":1}},"line":27},"9":{"name":"(anonymous_9)","decl":{"start":{"line":33,"column":8},"end":{"line":33,"column":9}},"loc":{"start":{"line":33,"column":28},"end":{"line":36,"column":3}},"line":33},"10":{"name":"(anonymous_10)","decl":{"start":{"line":37,"column":9},"end":{"line":37,"column":10}},"loc":{"start":{"line":37,"column":24},"end":{"line":40,"column":3}},"line":37}},"branchMap":{},"s":{"0":4,"1":1,"2":4,"3":0,"4":4,"5":1,"6":4,"7":2,"8":2,"9":2,"10":2,"11":2,"12":1,"13":1,"14":1,"15":1,"16":4,"17":2,"18":2,"19":2,"20":2,"21":2,"22":2,"23":0,"24":0,"25":0,"26":0},"f":{"0":1,"1":0,"2":1,"3":2,"4":2,"5":1,"6":1,"7":2,"8":2,"9":0,"10":0},"b":{},"_coverageSchema":"332fd63041d2c1bcb487cc26dd0d5f7d97098a6c","hash":"e91fe4ecc8b6df42c8c84a2da0b5c3a7a378bdb8"}}
,"/Users/oluwakunlefakorede/Desktop/FrostyFood/Food-Fast-Food/client/src/actions/orderAction.js": {"data":{"path":"/Users/oluwakunlefakorede/Desktop/FrostyFood/Food-Fast-Food/client/src/actions/orderAction.js","statementMap":{"0":{"start":{"line":8,"column":32},"end":{"line":8,"column":75}},"1":{"start":{"line":8,"column":46},"end":{"line":8,"column":74}},"2":{"start":{"line":9,"column":28},"end":{"line":9,"column":74}},"3":{"start":{"line":9,"column":42},"end":{"line":9,"column":73}},"4":{"start":{"line":10,"column":26},"end":{"line":10,"column":71}},"5":{"start":{"line":10,"column":40},"end":{"line":10,"column":70}},"6":{"start":{"line":11,"column":26},"end":{"line":11,"column":60}},"7":{"start":{"line":11,"column":35},"end":{"line":11,"column":59}},"8":{"start":{"line":12,"column":19},"end":{"line":12,"column":58}},"9":{"start":{"line":12,"column":31},"end":{"line":12,"column":57}},"10":{"start":{"line":16,"column":26},"end":{"line":30,"column":1}},"11":{"start":{"line":16,"column":37},"end":{"line":30,"column":1}},"12":{"start":{"line":17,"column":2},"end":{"line":17,"column":31}},"13":{"start":{"line":18,"column":18},"end":{"line":18,"column":37}},"14":{"start":{"line":19,"column":2},"end":{"line":19,"column":60}},"15":{"start":{"line":20,"column":2},"end":{"line":29,"column":5}},"16":{"start":{"line":22,"column":4},"end":{"line":22,"column":39}},"17":{"start":{"line":23,"column":4},"end":{"line":23,"column":32}},"18":{"start":{"line":24,"column":4},"end":{"line":24,"column":34}},"19":{"start":{"line":27,"column":4},"end":{"line":27,"column":39}},"20":{"start":{"line":28,"column":4},"end":{"line":28,"column":34}},"21":{"start":{"line":32,"column":29},"end":{"line":45,"column":1}},"22":{"start":{"line":32,"column":35},"end":{"line":45,"column":1}},"23":{"start":{"line":33,"column":2},"end":{"line":33,"column":31}},"24":{"start":{"line":34,"column":18},"end":{"line":34,"column":37}},"25":{"start":{"line":35,"column":2},"end":{"line":35,"column":60}},"26":{"start":{"line":36,"column":2},"end":{"line":44,"column":5}},"27":{"start":{"line":38,"column":4},"end":{"line":38,"column":40}},"28":{"start":{"line":39,"column":4},"end":{"line":39,"column":34}},"29":{"start":{"line":42,"column":4},"end":{"line":42,"column":34}},"30":{"start":{"line":43,"column":4},"end":{"line":43,"column":34}},"31":{"start":{"line":47,"column":27},"end":{"line":61,"column":1}},"32":{"start":{"line":47,"column":33},"end":{"line":61,"column":1}},"33":{"start":{"line":48,"column":2},"end":{"line":48,"column":31}},"34":{"start":{"line":49,"column":18},"end":{"line":49,"column":37}},"35":{"start":{"line":50,"column":19},"end":{"line":50,"column":41}},"36":{"start":{"line":51,"column":2},"end":{"line":51,"column":60}},"37":{"start":{"line":52,"column":2},"end":{"line":60,"column":5}},"38":{"start":{"line":54,"column":4},"end":{"line":54,"column":38}},"39":{"start":{"line":55,"column":4},"end":{"line":55,"column":34}},"40":{"start":{"line":58,"column":4},"end":{"line":58,"column":34}},"41":{"start":{"line":59,"column":4},"end":{"line":59,"column":34}},"42":{"start":{"line":63,"column":27},"end":{"line":78,"column":1}},"43":{"start":{"line":63,"column":33},"end":{"line":78,"column":1}},"44":{"start":{"line":64,"column":2},"end":{"line":64,"column":31}},"45":{"start":{"line":65,"column":18},"end":{"line":65,"column":37}},"46":{"start":{"line":66,"column":19},"end":{"line":66,"column":41}},"47":{"start":{"line":67,"column":2},"end":{"line":67,"column":60}},"48":{"start":{"line":68,"column":2},"end":{"line":77,"column":5}},"49":{"start":{"line":70,"column":4},"end":{"line":70,"column":42}},"50":{"start":{"line":71,"column":4},"end":{"line":71,"column":49}},"51":{"start":{"line":72,"column":4},"end":{"line":72,"column":34}},"52":{"start":{"line":75,"column":4},"end":{"line":75,"column":34}},"53":{"start":{"line":76,"column":4},"end":{"line":76,"column":34}}},"fnMap":{"0":{"name":"(anonymous_0)","decl":{"start":{"line":8,"column":32},"end":{"line":8,"column":33}},"loc":{"start":{"line":8,"column":46},"end":{"line":8,"column":74}},"line":8},"1":{"name":"(anonymous_1)","decl":{"start":{"line":9,"column":28},"end":{"line":9,"column":29}},"loc":{"start":{"line":9,"column":42},"end":{"line":9,"column":73}},"line":9},"2":{"name":"(anonymous_2)","decl":{"start":{"line":10,"column":26},"end":{"line":10,"column":27}},"loc":{"start":{"line":10,"column":40},"end":{"line":10,"column":70}},"line":10},"3":{"name":"(anonymous_3)","decl":{"start":{"line":11,"column":26},"end":{"line":11,"column":27}},"loc":{"start":{"line":11,"column":35},"end":{"line":11,"column":59}},"line":11},"4":{"name":"(anonymous_4)","decl":{"start":{"line":12,"column":19},"end":{"line":12,"column":20}},"loc":{"start":{"line":12,"column":31},"end":{"line":12,"column":57}},"line":12},"5":{"name":"(anonymous_5)","decl":{"start":{"line":16,"column":26},"end":{"line":16,"column":27}},"loc":{"start":{"line":16,"column":37},"end":{"line":30,"column":1}},"line":16},"6":{"name":"(anonymous_6)","decl":{"start":{"line":16,"column":37},"end":{"line":16,"column":38}},"loc":{"start":{"line":16,"column":49},"end":{"line":30,"column":1}},"line":16},"7":{"name":"(anonymous_7)","decl":{"start":{"line":21,"column":8},"end":{"line":21,"column":9}},"loc":{"start":{"line":21,"column":30},"end":{"line":25,"column":3}},"line":21},"8":{"name":"(anonymous_8)","decl":{"start":{"line":26,"column":9},"end":{"line":26,"column":10}},"loc":{"start":{"line":26,"column":24},"end":{"line":29,"column":3}},"line":26},"9":{"name":"(anonymous_9)","decl":{"start":{"line":32,"column":29},"end":{"line":32,"column":30}},"loc":{"start":{"line":32,"column":35},"end":{"line":45,"column":1}},"line":32},"10":{"name":"(anonymous_10)","decl":{"start":{"line":32,"column":35},"end":{"line":32,"column":36}},"loc":{"start":{"line":32,"column":47},"end":{"line":45,"column":1}},"line":32},"11":{"name":"(anonymous_11)","decl":{"start":{"line":37,"column":8},"end":{"line":37,"column":9}},"loc":{"start":{"line":37,"column":20},"end":{"line":40,"column":3}},"line":37},"12":{"name":"(anonymous_12)","decl":{"start":{"line":41,"column":9},"end":{"line":41,"column":10}},"loc":{"start":{"line":41,"column":24},"end":{"line":44,"column":3}},"line":41},"13":{"name":"(anonymous_13)","decl":{"start":{"line":47,"column":27},"end":{"line":47,"column":28}},"loc":{"start":{"line":47,"column":33},"end":{"line":61,"column":1}},"line":47},"14":{"name":"(anonymous_14)","decl":{"start":{"line":47,"column":33},"end":{"line":47,"column":34}},"loc":{"start":{"line":47,"column":45},"end":{"line":61,"column":1}},"line":47},"15":{"name":"(anonymous_15)","decl":{"start":{"line":53,"column":8},"end":{"line":53,"column":9}},"loc":{"start":{"line":53,"column":20},"end":{"line":56,"column":3}},"line":53},"16":{"name":"(anonymous_16)","decl":{"start":{"line":57,"column":9},"end":{"line":57,"column":10}},"loc":{"start":{"line":57,"column":24},"end":{"line":60,"column":3}},"line":57},"17":{"name":"(anonymous_17)","decl":{"start":{"line":63,"column":27},"end":{"line":63,"column":28}},"loc":{"start":{"line":63,"column":33},"end":{"line":78,"column":1}},"line":63},"18":{"name":"(anonymous_18)","decl":{"start":{"line":63,"column":33},"end":{"line":63,"column":34}},"loc":{"start":{"line":63,"column":45},"end":{"line":78,"column":1}},"line":63},"19":{"name":"(anonymous_19)","decl":{"start":{"line":69,"column":8},"end":{"line":69,"column":9}},"loc":{"start":{"line":69,"column":18},"end":{"line":73,"column":3}},"line":69},"20":{"name":"(anonymous_20)","decl":{"start":{"line":74,"column":9},"end":{"line":74,"column":10}},"loc":{"start":{"line":74,"column":24},"end":{"line":77,"column":3}},"line":74}},"branchMap":{},"s":{"0":5,"1":0,"2":5,"3":0,"4":5,"5":0,"6":5,"7":0,"8":5,"9":0,"10":5,"11":2,"12":2,"13":2,"14":2,"15":2,"16":0,"17":0,"18":0,"19":0,"20":0,"21":5,"22":2,"23":2,"24":2,"25":2,"26":2,"27":0,"28":0,"29":0,"30":0,"31":5,"32":2,"33":2,"34":2,"35":2,"36":2,"37":2,"38":0,"39":0,"40":0,"41":0,"42":5,"43":2,"44":2,"45":2,"46":2,"47":2,"48":2,"49":0,"50":0,"51":0,"52":0,"53":0},"f":{"0":0,"1":0,"2":0,"3":0,"4":0,"5":2,"6":2,"7":0,"8":0,"9":2,"10":2,"11":0,"12":0,"13":2,"14":2,"15":0,"16":0,"17":2,"18":2,"19":0,"20":0},"b":{},"_coverageSchema":"332fd63041d2c1bcb487cc26dd0d5f7d97098a6c","hash":"a1ebe6b0e9a05f3150e46b3a7e0bdf5bd211701c"}}
,"/Users/oluwakunlefakorede/Desktop/FrostyFood/Food-Fast-Food/client/src/actions/types.js": {"data":{"path":"/Users/oluwakunlefakorede/Desktop/FrostyFood/Food-Fast-Food/client/src/actions/types.js","statementMap":{"0":{"start":{"line":1,"column":26},"end":{"line":1,"column":38}},"1":{"start":{"line":2,"column":27},"end":{"line":2,"column":38}},"2":{"start":{"line":3,"column":26},"end":{"line":3,"column":38}},"3":{"start":{"line":4,"column":24},"end":{"line":4,"column":34}},"4":{"start":{"line":5,"column":28},"end":{"line":5,"column":42}},"5":{"start":{"line":6,"column":26},"end":{"line":6,"column":38}},"6":{"start":{"line":7,"column":26},"end":{"line":7,"column":38}},"7":{"start":{"line":8,"column":27},"end":{"line":8,"column":40}},"8":{"start":{"line":9,"column":27},"end":{"line":9,"column":40}},"9":{"start":{"line":10,"column":31},"end":{"line":10,"column":48}},"10":{"start":{"line":11,"column":29},"end":{"line":11,"column":44}},"11":{"start":{"line":12,"column":28},"end":{"line":12,"column":42}}},"fnMap":{},"branchMap":{},"s":{"0":13,"1":13,"2":13,"3":13,"4":13,"5":13,"6":13,"7":13,"8":13,"9":13,"10":13,"11":13},"f":{},"b":{},"_coverageSchema":"332fd63041d2c1bcb487cc26dd0d5f7d97098a6c","hash":"3906655d8c690b7ceab3de64a30b2e819e0b934f"}}
,"/Users/oluwakunlefakorede/Desktop/FrostyFood/Food-Fast-Food/client/src/actions/userAction.js": {"data":{"path":"/Users/oluwakunlefakorede/Desktop/FrostyFood/Food-Fast-Food/client/src/actions/userAction.js","statementMap":{"0":{"start":{"line":8,"column":25},"end":{"line":8,"column":69}},"1":{"start":{"line":8,"column":39},"end":{"line":8,"column":68}},"2":{"start":{"line":9,"column":25},"end":{"line":9,"column":70}},"3":{"start":{"line":9,"column":39},"end":{"line":9,"column":69}},"4":{"start":{"line":10,"column":28},"end":{"line":10,"column":68}},"5":{"start":{"line":10,"column":41},"end":{"line":10,"column":67}},"6":{"start":{"line":11,"column":25},"end":{"line":11,"column":64}},"7":{"start":{"line":11,"column":37},"end":{"line":11,"column":63}},"8":{"start":{"line":13,"column":26},"end":{"line":26,"column":1}},"9":{"start":{"line":13,"column":37},"end":{"line":26,"column":1}},"10":{"start":{"line":14,"column":2},"end":{"line":14,"column":31}},"11":{"start":{"line":15,"column":2},"end":{"line":25,"column":5}},"12":{"start":{"line":17,"column":4},"end":{"line":17,"column":36}},"13":{"start":{"line":18,"column":20},"end":{"line":18,"column":41}},"14":{"start":{"line":19,"column":4},"end":{"line":19,"column":40}},"15":{"start":{"line":20,"column":4},"end":{"line":20,"column":34}},"16":{"start":{"line":23,"column":4},"end":{"line":23,"column":33}},"17":{"start":{"line":24,"column":4},"end":{"line":24,"column":34}},"18":{"start":{"line":28,"column":26},"end":{"line":41,"column":1}},"19":{"start":{"line":28,"column":36},"end":{"line":41,"column":1}},"20":{"start":{"line":29,"column":2},"end":{"line":29,"column":31}},"21":{"start":{"line":30,"column":2},"end":{"line":40,"column":5}},"22":{"start":{"line":32,"column":4},"end":{"line":32,"column":36}},"23":{"start":{"line":33,"column":20},"end":{"line":33,"column":41}},"24":{"start":{"line":34,"column":4},"end":{"line":34,"column":40}},"25":{"start":{"line":35,"column":4},"end":{"line":35,"column":34}},"26":{"start":{"line":38,"column":4},"end":{"line":38,"column":33}},"27":{"start":{"line":39,"column":4},"end":{"line":39,"column":34}}},"fnMap":{"0":{"name":"(anonymous_0)","decl":{"start":{"line":8,"column":25},"end":{"line":8,"column":26}},"loc":{"start":{"line":8,"column":39},"end":{"line":8,"column":68}},"line":8},"1":{"name":"(anonymous_1)","decl":{"start":{"line":9,"column":25},"end":{"line":9,"column":26}},"loc":{"start":{"line":9,"column":39},"end":{"line":9,"column":69}},"line":9},"2":{"name":"(anonymous_2)","decl":{"start":{"line":10,"column":28},"end":{"line":10,"column":29}},"loc":{"start":{"line":10,"column":41},"end":{"line":10,"column":67}},"line":10},"3":{"name":"(anonymous_3)","decl":{"start":{"line":11,"column":25},"end":{"line":11,"column":26}},"loc":{"start":{"line":11,"column":37},"end":{"line":11,"column":63}},"line":11},"4":{"name":"(anonymous_4)","decl":{"start":{"line":13,"column":26},"end":{"line":13,"column":27}},"loc":{"start":{"line":13,"column":37},"end":{"line":26,"column":1}},"line":13},"5":{"name":"(anonymous_5)","decl":{"start":{"line":13,"column":37},"end":{"line":13,"column":38}},"loc":{"start":{"line":13,"column":49},"end":{"line":26,"column":1}},"line":13},"6":{"name":"(anonymous_6)","decl":{"start":{"line":16,"column":8},"end":{"line":16,"column":9}},"loc":{"start":{"line":16,"column":20},"end":{"line":21,"column":3}},"line":16},"7":{"name":"(anonymous_7)","decl":{"start":{"line":22,"column":9},"end":{"line":22,"column":10}},"loc":{"start":{"line":22,"column":24},"end":{"line":25,"column":3}},"line":22},"8":{"name":"(anonymous_8)","decl":{"start":{"line":28,"column":26},"end":{"line":28,"column":27}},"loc":{"start":{"line":28,"column":36},"end":{"line":41,"column":1}},"line":28},"9":{"name":"(anonymous_9)","decl":{"start":{"line":28,"column":36},"end":{"line":28,"column":37}},"loc":{"start":{"line":28,"column":48},"end":{"line":41,"column":1}},"line":28},"10":{"name":"(anonymous_10)","decl":{"start":{"line":31,"column":8},"end":{"line":31,"column":9}},"loc":{"start":{"line":31,"column":20},"end":{"line":36,"column":3}},"line":31},"11":{"name":"(anonymous_11)","decl":{"start":{"line":37,"column":9},"end":{"line":37,"column":10}},"loc":{"start":{"line":37,"column":24},"end":{"line":40,"column":3}},"line":37}},"branchMap":{},"s":{"0":10,"1":1,"2":10,"3":1,"4":10,"5":22,"6":10,"7":2,"8":10,"9":2,"10":2,"11":2,"12":1,"13":1,"14":1,"15":1,"16":1,"17":1,"18":10,"19":2,"20":2,"21":2,"22":1,"23":1,"24":1,"25":1,"26":1,"27":1},"f":{"0":1,"1":1,"2":22,"3":2,"4":2,"5":2,"6":1,"7":1,"8":2,"9":2,"10":1,"11":1},"b":{},"_coverageSchema":"332fd63041d2c1bcb487cc26dd0d5f7d97098a6c","hash":"9a0fb9c2dfb8d2375ea931faaae5bdd226ad6393"}}
,"/Users/oluwakunlefakorede/Desktop/FrostyFood/Food-Fast-Food/client/src/components/common/FlexContainer.jsx": {"data":{"path":"/Users/oluwakunlefakorede/Desktop/FrostyFood/Food-Fast-Food/client/src/components/common/FlexContainer.jsx","statementMap":{"0":{"start":{"line":3,"column":22},"end":{"line":14,"column":1}},"1":{"start":{"line":4,"column":2},"end":{"line":13,"column":4}}},"fnMap":{"0":{"name":"(anonymous_0)","decl":{"start":{"line":3,"column":22},"end":{"line":3,"column":23}},"loc":{"start":{"line":3,"column":28},"end":{"line":14,"column":1}},"line":3}},"branchMap":{},"s":{"0":3,"1":1},"f":{"0":1},"b":{},"_coverageSchema":"332fd63041d2c1bcb487cc26dd0d5f7d97098a6c","hash":"ada05ce04dbfcf29094d38b9658493441eb3fc92"}}
,"/Users/oluwakunlefakorede/Desktop/FrostyFood/Food-Fast-Food/client/src/components/common/Footer.jsx": {"data":{"path":"/Users/oluwakunlefakorede/Desktop/FrostyFood/Food-Fast-Food/client/src/components/common/Footer.jsx","statementMap":{"0":{"start":{"line":3,"column":15},"end":{"line":11,"column":1}},"1":{"start":{"line":4,"column":2},"end":{"line":10,"column":5}}},"fnMap":{"0":{"name":"(anonymous_0)","decl":{"start":{"line":3,"column":15},"end":{"line":3,"column":16}},"loc":{"start":{"line":3,"column":21},"end":{"line":11,"column":1}},"line":3}},"branchMap":{},"s":{"0":2,"1":1},"f":{"0":1},"b":{},"_coverageSchema":"332fd63041d2c1bcb487cc26dd0d5f7d97098a6c","hash":"6cdd354a4758ea247ffad0aec2a349f04900366d"}}
,"/Users/oluwakunlefakorede/Desktop/FrostyFood/Food-Fast-Food/client/src/components/common/HistoryList.jsx": {"data":{"path":"/Users/oluwakunlefakorede/Desktop/FrostyFood/Food-Fast-Food/client/src/components/common/HistoryList.jsx","statementMap":{"0":{"start":{"line":3,"column":20},"end":{"line":15,"column":1}},"1":{"start":{"line":4,"column":23},"end":{"line":4,"column":28}},"2":{"start":{"line":5,"column":2},"end":{"line":14,"column":4}},"3":{"start":{"line":9,"column":26},"end":{"line":9,"column":44}}},"fnMap":{"0":{"name":"(anonymous_0)","decl":{"start":{"line":3,"column":20},"end":{"line":3,"column":21}},"loc":{"start":{"line":3,"column":43},"end":{"line":15,"column":1}},"line":3},"1":{"name":"(anonymous_1)","decl":{"start":{"line":9,"column":20},"end":{"line":9,"column":21}},"loc":{"start":{"line":9,"column":26},"end":{"line":9,"column":44}},"line":9}},"branchMap":{},"s":{"0":3,"1":1,"2":1,"3":0},"f":{"0":1,"1":0},"b":{},"_coverageSchema":"332fd63041d2c1bcb487cc26dd0d5f7d97098a6c","hash":"e229b349120d4bcd62a2b7b8158dc24430085693"}}
,"/Users/oluwakunlefakorede/Desktop/FrostyFood/Food-Fast-Food/client/src/components/common/Main.jsx": {"data":{"path":"/Users/oluwakunlefakorede/Desktop/FrostyFood/Food-Fast-Food/client/src/components/common/Main.jsx","statementMap":{"0":{"start":{"line":3,"column":13},"end":{"line":11,"column":1}},"1":{"start":{"line":4,"column":2},"end":{"line":10,"column":4}}},"fnMap":{"0":{"name":"(anonymous_0)","decl":{"start":{"line":3,"column":13},"end":{"line":3,"column":14}},"loc":{"start":{"line":3,"column":24},"end":{"line":11,"column":1}},"line":3}},"branchMap":{},"s":{"0":5,"1":1},"f":{"0":1},"b":{},"_coverageSchema":"332fd63041d2c1bcb487cc26dd0d5f7d97098a6c","hash":"7742f33acc501c87db6a22db70865d6773d40bde"}}
,"/Users/oluwakunlefakorede/Desktop/FrostyFood/Food-Fast-Food/client/src/components/common/MainBar.jsx": {"data":{"path":"/Users/oluwakunlefakorede/Desktop/FrostyFood/Food-Fast-Food/client/src/components/common/MainBar.jsx","statementMap":{"0":{"start":{"line":8,"column":16},"end":{"line":19,"column":1}},"1":{"start":{"line":9,"column":2},"end":{"line":18,"column":4}}},"fnMap":{"0":{"name":"(anonymous_0)","decl":{"start":{"line":8,"column":16},"end":{"line":8,"column":17}},"loc":{"start":{"line":8,"column":46},"end":{"line":19,"column":1}},"line":8}},"branchMap":{},"s":{"0":3,"1":1},"f":{"0":1},"b":{},"_coverageSchema":"332fd63041d2c1bcb487cc26dd0d5f7d97098a6c","hash":"119f57d3b63c57224134e12a395b0827dedb6744"}}
,"/Users/oluwakunlefakorede/Desktop/FrostyFood/Food-Fast-Food/client/src/components/common/MenuList.jsx": {"data":{"path":"/Users/oluwakunlefakorede/Desktop/FrostyFood/Food-Fast-Food/client/src/components/common/MenuList.jsx","statementMap":{"0":{"start":{"line":3,"column":17},"end":{"line":19,"column":1}},"1":{"start":{"line":4,"column":28},"end":{"line":4,"column":33}},"2":{"start":{"line":5,"column":2},"end":{"line":18,"column":4}},"3":{"start":{"line":15,"column":31},"end":{"line":15,"column":47}}},"fnMap":{"0":{"name":"(anonymous_0)","decl":{"start":{"line":3,"column":17},"end":{"line":3,"column":18}},"loc":{"start":{"line":3,"column":28},"end":{"line":19,"column":1}},"line":3},"1":{"name":"(anonymous_1)","decl":{"start":{"line":15,"column":25},"end":{"line":15,"column":26}},"loc":{"start":{"line":15,"column":31},"end":{"line":15,"column":47}},"line":15}},"branchMap":{},"s":{"0":5,"1":1,"2":1,"3":0},"f":{"0":1,"1":0},"b":{},"_coverageSchema":"332fd63041d2c1bcb487cc26dd0d5f7d97098a6c","hash":"3a1786b6e2aff8a76cc452d2b31b2412712177b9"}}
,"/Users/oluwakunlefakorede/Desktop/FrostyFood/Food-Fast-Food/client/src/components/common/MenuTitle.jsx": {"data":{"path":"/Users/oluwakunlefakorede/Desktop/FrostyFood/Food-Fast-Food/client/src/components/common/MenuTitle.jsx","statementMap":{"0":{"start":{"line":5,"column":18},"end":{"line":32,"column":1}},"1":{"start":{"line":6,"column":2},"end":{"line":31,"column":4}},"2":{"start":{"line":21,"column":14},"end":{"line":25,"column":16}}},"fnMap":{"0":{"name":"(anonymous_0)","decl":{"start":{"line":5,"column":18},"end":{"line":5,"column":19}},"loc":{"start":{"line":5,"column":48},"end":{"line":32,"column":1}},"line":5},"1":{"name":"(anonymous_1)","decl":{"start":{"line":20,"column":42},"end":{"line":20,"column":43}},"loc":{"start":{"line":20,"column":50},"end":{"line":26,"column":13}},"line":20}},"branchMap":{"0":{"loc":{"start":{"line":20,"column":12},"end":{"line":26,"column":29}},"type":"cond-expr","locations":[{"start":{"line":20,"column":32},"end":{"line":26,"column":14}},{"start":{"line":26,"column":18},"end":{"line":26,"column":29}}],"line":20},"1":{"loc":{"start":{"line":20,"column":12},"end":{"line":20,"column":28}},"type":"binary-expr","locations":[{"start":{"line":20,"column":12},"end":{"line":20,"column":19}},{"start":{"line":20,"column":23},"end":{"line":20,"column":28}}],"line":20}},"s":{"0":4,"1":2,"2":1},"f":{"0":2,"1":1},"b":{"0":[1,1],"1":[2,1]},"_coverageSchema":"332fd63041d2c1bcb487cc26dd0d5f7d97098a6c","hash":"41af5c000c801735ff41de9c0c1a6e2b29879946"}}
,"/Users/oluwakunlefakorede/Desktop/FrostyFood/Food-Fast-Food/client/src/components/common/NavBar.jsx": {"data":{"path":"/Users/oluwakunlefakorede/Desktop/FrostyFood/Food-Fast-Food/client/src/components/common/NavBar.jsx","statementMap":{"0":{"start":{"line":8,"column":4},"end":{"line":8,"column":25}},"1":{"start":{"line":11,"column":30},"end":{"line":11,"column":40}},"2":{"start":{"line":12,"column":4},"end":{"line":31,"column":6}},"3":{"start":{"line":35,"column":24},"end":{"line":39,"column":1}},"4":{"start":{"line":36,"column":2},"end":{"line":38,"column":3}}},"fnMap":{"0":{"name":"(anonymous_0)","decl":{"start":{"line":7,"column":13},"end":{"line":7,"column":14}},"loc":{"start":{"line":7,"column":19},"end":{"line":9,"column":3}},"line":7},"1":{"name":"(anonymous_1)","decl":{"start":{"line":10,"column":2},"end":{"line":10,"column":3}},"loc":{"start":{"line":10,"column":11},"end":{"line":32,"column":3}},"line":10},"2":{"name":"(anonymous_2)","decl":{"start":{"line":35,"column":24},"end":{"line":35,"column":25}},"loc":{"start":{"line":35,"column":43},"end":{"line":39,"column":1}},"line":35}},"branchMap":{"0":{"loc":{"start":{"line":21,"column":14},"end":{"line":26,"column":102}},"type":"cond-expr","locations":[{"start":{"line":22,"column":14},"end":{"line":25,"column":20}},{"start":{"line":26,"column":17},"end":{"line":26,"column":102}}],"line":21}},"s":{"0":1,"1":2,"2":2,"3":2,"4":0},"f":{"0":1,"1":2,"2":0},"b":{"0":[1,1]},"_coverageSchema":"332fd63041d2c1bcb487cc26dd0d5f7d97098a6c","hash":"01b6384fca5a04caedf741dac8d17e5c1f7923c2"}}
,"/Users/oluwakunlefakorede/Desktop/FrostyFood/Food-Fast-Food/client/src/components/common/SearchFood.jsx": {"data":{"path":"/Users/oluwakunlefakorede/Desktop/FrostyFood/Food-Fast-Food/client/src/components/common/SearchFood.jsx","statementMap":{"0":{"start":{"line":4,"column":19},"end":{"line":10,"column":1}},"1":{"start":{"line":5,"column":2},"end":{"line":9,"column":4}}},"fnMap":{"0":{"name":"(anonymous_0)","decl":{"start":{"line":4,"column":19},"end":{"line":4,"column":20}},"loc":{"start":{"line":4,"column":25},"end":{"line":10,"column":1}},"line":4}},"branchMap":{},"s":{"0":4,"1":1},"f":{"0":1},"b":{},"_coverageSchema":"332fd63041d2c1bcb487cc26dd0d5f7d97098a6c","hash":"1ab0fdebd799fce00d32d05c94fec377b88f4fef"}}
,"/Users/oluwakunlefakorede/Desktop/FrostyFood/Food-Fast-Food/client/src/components/common/SideBar.jsx": {"data":{"path":"/Users/oluwakunlefakorede/Desktop/FrostyFood/Food-Fast-Food/client/src/components/common/SideBar.jsx","statementMap":{"0":{"start":{"line":4,"column":16},"end":{"line":16,"column":1}},"1":{"start":{"line":5,"column":2},"end":{"line":15,"column":4}}},"fnMap":{"0":{"name":"(anonymous_0)","decl":{"start":{"line":4,"column":16},"end":{"line":4,"column":17}},"loc":{"start":{"line":4,"column":22},"end":{"line":16,"column":1}},"line":4}},"branchMap":{},"s":{"0":4,"1":1},"f":{"0":1},"b":{},"_coverageSchema":"332fd63041d2c1bcb487cc26dd0d5f7d97098a6c","hash":"f567afd273806c766d319620757131df2287f1bb"}}
,"/Users/oluwakunlefakorede/Desktop/FrostyFood/Food-Fast-Food/client/src/components/common/Spinner.jsx": {"data":{"path":"/Users/oluwakunlefakorede/Desktop/FrostyFood/Food-Fast-Food/client/src/components/common/Spinner.jsx","statementMap":{"0":{"start":{"line":3,"column":16},"end":{"line":3,"column":49}},"1":{"start":{"line":3,"column":22},"end":{"line":3,"column":49}}},"fnMap":{"0":{"name":"(anonymous_0)","decl":{"start":{"line":3,"column":16},"end":{"line":3,"column":17}},"loc":{"start":{"line":3,"column":22},"end":{"line":3,"column":49}},"line":3}},"branchMap":{},"s":{"0":8,"1":1},"f":{"0":1},"b":{},"_coverageSchema":"332fd63041d2c1bcb487cc26dd0d5f7d97098a6c","hash":"36774f73bc3d99937d0b0f7c7b776328380af936"}}
,"/Users/oluwakunlefakorede/Desktop/FrostyFood/Food-Fast-Food/client/src/components/forms/LoginForm.jsx": {"data":{"path":"/Users/oluwakunlefakorede/Desktop/FrostyFood/Food-Fast-Food/client/src/components/forms/LoginForm.jsx","statementMap":{"0":{"start":{"line":4,"column":18},"end":{"line":24,"column":1}},"1":{"start":{"line":5,"column":2},"end":{"line":23,"column":3}},"2":{"start":{"line":6,"column":75},"end":{"line":6,"column":90}},"3":{"start":{"line":8,"column":92},"end":{"line":8,"column":107}},"4":{"start":{"line":11,"column":104},"end":{"line":11,"column":119}}},"fnMap":{"0":{"name":"(anonymous_0)","decl":{"start":{"line":4,"column":18},"end":{"line":4,"column":19}},"loc":{"start":{"line":4,"column":44},"end":{"line":24,"column":1}},"line":4},"1":{"name":"(anonymous_1)","decl":{"start":{"line":6,"column":64},"end":{"line":6,"column":65}},"loc":{"start":{"line":6,"column":75},"end":{"line":6,"column":90}},"line":6},"2":{"name":"(anonymous_2)","decl":{"start":{"line":8,"column":81},"end":{"line":8,"column":82}},"loc":{"start":{"line":8,"column":92},"end":{"line":8,"column":107}},"line":8},"3":{"name":"(anonymous_3)","decl":{"start":{"line":11,"column":93},"end":{"line":11,"column":94}},"loc":{"start":{"line":11,"column":104},"end":{"line":11,"column":119}},"line":11}},"branchMap":{},"s":{"0":4,"1":1,"2":1,"3":1,"4":1},"f":{"0":1,"1":1,"2":1,"3":1},"b":{},"_coverageSchema":"332fd63041d2c1bcb487cc26dd0d5f7d97098a6c","hash":"e537dd25ac8709b85c7f39fc815f9764c9628547"}}
,"/Users/oluwakunlefakorede/Desktop/FrostyFood/Food-Fast-Food/client/src/components/forms/MenuForm.jsx": {"data":{"path":"/Users/oluwakunlefakorede/Desktop/FrostyFood/Food-Fast-Food/client/src/components/forms/MenuForm.jsx","statementMap":{"0":{"start":{"line":3,"column":17},"end":{"line":23,"column":1}},"1":{"start":{"line":4,"column":2},"end":{"line":22,"column":4}}},"fnMap":{"0":{"name":"(anonymous_0)","decl":{"start":{"line":3,"column":17},"end":{"line":3,"column":18}},"loc":{"start":{"line":3,"column":23},"end":{"line":23,"column":1}},"line":3}},"branchMap":{},"s":{"0":1,"1":1},"f":{"0":1},"b":{},"_coverageSchema":"332fd63041d2c1bcb487cc26dd0d5f7d97098a6c","hash":"6a6bb8a8425e4f22dad0ea8de742322a72d50b2e"}}
,"/Users/oluwakunlefakorede/Desktop/FrostyFood/Food-Fast-Food/client/src/components/forms/SearchForm.jsx": {"data":{"path":"/Users/oluwakunlefakorede/Desktop/FrostyFood/Food-Fast-Food/client/src/components/forms/SearchForm.jsx","statementMap":{"0":{"start":{"line":3,"column":19},"end":{"line":10,"column":1}},"1":{"start":{"line":4,"column":2},"end":{"line":9,"column":5}}},"fnMap":{"0":{"name":"(anonymous_0)","decl":{"start":{"line":3,"column":19},"end":{"line":3,"column":20}},"loc":{"start":{"line":3,"column":25},"end":{"line":10,"column":1}},"line":3}},"branchMap":{},"s":{"0":5,"1":1},"f":{"0":1},"b":{},"_coverageSchema":"332fd63041d2c1bcb487cc26dd0d5f7d97098a6c","hash":"1aa6c2d4ba6f874727bc19e349137346f0a301c7"}}
,"/Users/oluwakunlefakorede/Desktop/FrostyFood/Food-Fast-Food/client/src/components/forms/SignupForm.jsx": {"data":{"path":"/Users/oluwakunlefakorede/Desktop/FrostyFood/Food-Fast-Food/client/src/components/forms/SignupForm.jsx","statementMap":{"0":{"start":{"line":4,"column":19},"end":{"line":27,"column":1}},"1":{"start":{"line":5,"column":2},"end":{"line":26,"column":3}},"2":{"start":{"line":6,"column":76},"end":{"line":6,"column":91}},"3":{"start":{"line":8,"column":103},"end":{"line":8,"column":118}},"4":{"start":{"line":11,"column":99},"end":{"line":11,"column":114}},"5":{"start":{"line":14,"column":118},"end":{"line":14,"column":133}},"6":{"start":{"line":17,"column":111},"end":{"line":17,"column":126}}},"fnMap":{"0":{"name":"(anonymous_0)","decl":{"start":{"line":4,"column":19},"end":{"line":4,"column":20}},"loc":{"start":{"line":4,"column":45},"end":{"line":27,"column":1}},"line":4},"1":{"name":"(anonymous_1)","decl":{"start":{"line":6,"column":65},"end":{"line":6,"column":66}},"loc":{"start":{"line":6,"column":76},"end":{"line":6,"column":91}},"line":6},"2":{"name":"(anonymous_2)","decl":{"start":{"line":8,"column":92},"end":{"line":8,"column":93}},"loc":{"start":{"line":8,"column":103},"end":{"line":8,"column":118}},"line":8},"3":{"name":"(anonymous_3)","decl":{"start":{"line":11,"column":88},"end":{"line":11,"column":89}},"loc":{"start":{"line":11,"column":99},"end":{"line":11,"column":114}},"line":11},"4":{"name":"(anonymous_4)","decl":{"start":{"line":14,"column":107},"end":{"line":14,"column":108}},"loc":{"start":{"line":14,"column":118},"end":{"line":14,"column":133}},"line":14},"5":{"name":"(anonymous_5)","decl":{"start":{"line":17,"column":100},"end":{"line":17,"column":101}},"loc":{"start":{"line":17,"column":111},"end":{"line":17,"column":126}},"line":17}},"branchMap":{},"s":{"0":3,"1":1,"2":1,"3":1,"4":1,"5":1,"6":1},"f":{"0":1,"1":1,"2":1,"3":1,"4":1,"5":1},"b":{},"_coverageSchema":"332fd63041d2c1bcb487cc26dd0d5f7d97098a6c","hash":"f38b3020abea0d116d0496ecfe797b0f7e061054"}}
,"/Users/oluwakunlefakorede/Desktop/FrostyFood/Food-Fast-Food/client/src/components/pages/ConfirmOrderPage.jsx": {"data":{"path":"/Users/oluwakunlefakorede/Desktop/FrostyFood/Food-Fast-Food/client/src/components/pages/ConfirmOrderPage.jsx","statementMap":{"0":{"start":{"line":12,"column":4},"end":{"line":12,"column":28}},"1":{"start":{"line":15,"column":37},"end":{"line":15,"column":47}},"2":{"start":{"line":16,"column":4},"end":{"line":18,"column":5}},"3":{"start":{"line":17,"column":6},"end":{"line":17,"column":37}},"4":{"start":{"line":22,"column":25},"end":{"line":22,"column":35}},"5":{"start":{"line":23,"column":20},"end":{"line":23,"column":53}},"6":{"start":{"line":24,"column":4},"end":{"line":24,"column":24}},"7":{"start":{"line":27,"column":19},"end":{"line":27,"column":29}},"8":{"start":{"line":28,"column":4},"end":{"line":49,"column":7}},"9":{"start":{"line":53,"column":24},"end":{"line":58,"column":1}},"10":{"start":{"line":54,"column":2},"end":{"line":57,"column":3}}},"fnMap":{"0":{"name":"(anonymous_0)","decl":{"start":{"line":11,"column":2},"end":{"line":11,"column":3}},"loc":{"start":{"line":11,"column":22},"end":{"line":13,"column":3}},"line":11},"1":{"name":"(anonymous_1)","decl":{"start":{"line":14,"column":2},"end":{"line":14,"column":3}},"loc":{"start":{"line":14,"column":23},"end":{"line":19,"column":3}},"line":14},"2":{"name":"(anonymous_2)","decl":{"start":{"line":21,"column":19},"end":{"line":21,"column":20}},"loc":{"start":{"line":21,"column":56},"end":{"line":25,"column":3}},"line":21},"3":{"name":"(anonymous_3)","decl":{"start":{"line":26,"column":2},"end":{"line":26,"column":3}},"loc":{"start":{"line":26,"column":11},"end":{"line":50,"column":3}},"line":26},"4":{"name":"(anonymous_4)","decl":{"start":{"line":53,"column":24},"end":{"line":53,"column":25}},"loc":{"start":{"line":53,"column":53},"end":{"line":58,"column":1}},"line":53}},"branchMap":{"0":{"loc":{"start":{"line":16,"column":4},"end":{"line":18,"column":5}},"type":"if","locations":[{"start":{"line":16,"column":4},"end":{"line":18,"column":5}},{"start":{"line":16,"column":4},"end":{"line":18,"column":5}}],"line":16},"1":{"loc":{"start":{"line":30,"column":9},"end":{"line":45,"column":17}},"type":"cond-expr","locations":[{"start":{"line":30,"column":17},"end":{"line":30,"column":28}},{"start":{"line":30,"column":32},"end":{"line":45,"column":16}}],"line":30}},"s":{"0":1,"1":1,"2":1,"3":0,"4":1,"5":1,"6":1,"7":2,"8":2,"9":2,"10":0},"f":{"0":1,"1":1,"2":1,"3":2,"4":0},"b":{"0":[0,1],"1":[1,1]},"_coverageSchema":"332fd63041d2c1bcb487cc26dd0d5f7d97098a6c","hash":"757bb8d4db1ed6167143141659daefef1e41e1cb"}}
,"/Users/oluwakunlefakorede/Desktop/FrostyFood/Food-Fast-Food/client/src/components/pages/DeleteOrder.jsx": {"data":{"path":"/Users/oluwakunlefakorede/Desktop/FrostyFood/Food-Fast-Food/client/src/components/pages/DeleteOrder.jsx","statementMap":{"0":{"start":{"line":11,"column":26},"end":{"line":11,"column":36}},"1":{"start":{"line":12,"column":4},"end":{"line":12,"column":18}},"2":{"start":{"line":16,"column":26},"end":{"line":16,"column":36}},"3":{"start":{"line":17,"column":4},"end":{"line":17,"column":18}},"4":{"start":{"line":21,"column":37},"end":{"line":21,"column":47}},"5":{"start":{"line":22,"column":4},"end":{"line":24,"column":5}},"6":{"start":{"line":23,"column":6},"end":{"line":23,"column":37}},"7":{"start":{"line":27,"column":30},"end":{"line":27,"column":40}},"8":{"start":{"line":28,"column":4},"end":{"line":48,"column":6}},"9":{"start":{"line":52,"column":24},"end":{"line":58,"column":1}},"10":{"start":{"line":53,"column":2},"end":{"line":57,"column":3}}},"fnMap":{"0":{"name":"(anonymous_0)","decl":{"start":{"line":10,"column":2},"end":{"line":10,"column":3}},"loc":{"start":{"line":10,"column":22},"end":{"line":13,"column":3}},"line":10},"1":{"name":"(anonymous_1)","decl":{"start":{"line":15,"column":17},"end":{"line":15,"column":18}},"loc":{"start":{"line":15,"column":23},"end":{"line":18,"column":3}},"line":15},"2":{"name":"(anonymous_2)","decl":{"start":{"line":20,"column":2},"end":{"line":20,"column":3}},"loc":{"start":{"line":20,"column":23},"end":{"line":25,"column":3}},"line":20},"3":{"name":"(anonymous_3)","decl":{"start":{"line":26,"column":2},"end":{"line":26,"column":3}},"loc":{"start":{"line":26,"column":11},"end":{"line":49,"column":3}},"line":26},"4":{"name":"(anonymous_4)","decl":{"start":{"line":52,"column":24},"end":{"line":52,"column":25}},"loc":{"start":{"line":52,"column":53},"end":{"line":58,"column":1}},"line":52}},"branchMap":{"0":{"loc":{"start":{"line":22,"column":4},"end":{"line":24,"column":5}},"type":"if","locations":[{"start":{"line":22,"column":4},"end":{"line":24,"column":5}},{"start":{"line":22,"column":4},"end":{"line":24,"column":5}}],"line":22},"1":{"loc":{"start":{"line":30,"column":7},"end":{"line":46,"column":15}},"type":"cond-expr","locations":[{"start":{"line":30,"column":19},"end":{"line":30,"column":30}},{"start":{"line":30,"column":34},"end":{"line":46,"column":14}}],"line":30}},"s":{"0":1,"1":1,"2":1,"3":1,"4":1,"5":1,"6":0,"7":2,"8":2,"9":2,"10":0},"f":{"0":1,"1":1,"2":1,"3":2,"4":0},"b":{"0":[0,1],"1":[1,1]},"_coverageSchema":"332fd63041d2c1bcb487cc26dd0d5f7d97098a6c","hash":"e9c5818140323b3b9f75fa4a0ec5830bca798b3a"}}
,"/Users/oluwakunlefakorede/Desktop/FrostyFood/Food-Fast-Food/client/src/components/pages/ErrorPage.jsx": {"data":{"path":"/Users/oluwakunlefakorede/Desktop/FrostyFood/Food-Fast-Food/client/src/components/pages/ErrorPage.jsx","statementMap":{"0":{"start":{"line":3,"column":18},"end":{"line":19,"column":1}},"1":{"start":{"line":4,"column":2},"end":{"line":18,"column":5}}},"fnMap":{"0":{"name":"(anonymous_0)","decl":{"start":{"line":3,"column":18},"end":{"line":3,"column":19}},"loc":{"start":{"line":3,"column":24},"end":{"line":19,"column":1}},"line":3}},"branchMap":{},"s":{"0":2,"1":1},"f":{"0":1},"b":{},"_coverageSchema":"332fd63041d2c1bcb487cc26dd0d5f7d97098a6c","hash":"bddb724885a776ea89d4578ace77228f56e744e1"}}
,"/Users/oluwakunlefakorede/Desktop/FrostyFood/Food-Fast-Food/client/src/components/pages/Homepage.jsx": {"data":{"path":"/Users/oluwakunlefakorede/Desktop/FrostyFood/Food-Fast-Food/client/src/components/pages/Homepage.jsx","statementMap":{"0":{"start":{"line":8,"column":4},"end":{"line":47,"column":7}}},"fnMap":{"0":{"name":"(anonymous_0)","decl":{"start":{"line":7,"column":2},"end":{"line":7,"column":3}},"loc":{"start":{"line":7,"column":11},"end":{"line":48,"column":3}},"line":7}},"branchMap":{},"s":{"0":1},"f":{"0":1},"b":{},"_coverageSchema":"332fd63041d2c1bcb487cc26dd0d5f7d97098a6c","hash":"81386793dfc52c6cf63a764b3738f412dd269162"}}
,"/Users/oluwakunlefakorede/Desktop/FrostyFood/Food-Fast-Food/client/src/components/pages/LoginPage.jsx": {"data":{"path":"/Users/oluwakunlefakorede/Desktop/FrostyFood/Food-Fast-Food/client/src/components/pages/LoginPage.jsx","statementMap":{"0":{"start":{"line":15,"column":37},"end":{"line":15,"column":47}},"1":{"start":{"line":16,"column":4},"end":{"line":18,"column":5}},"2":{"start":{"line":17,"column":6},"end":{"line":17,"column":29}},"3":{"start":{"line":21,"column":4},"end":{"line":23,"column":7}},"4":{"start":{"line":26,"column":4},"end":{"line":26,"column":27}},"5":{"start":{"line":27,"column":32},"end":{"line":27,"column":42}},"6":{"start":{"line":28,"column":27},"end":{"line":28,"column":37}},"7":{"start":{"line":29,"column":20},"end":{"line":29,"column":39}},"8":{"start":{"line":30,"column":4},"end":{"line":30,"column":24}},"9":{"start":{"line":33,"column":4},"end":{"line":58,"column":6}},"10":{"start":{"line":62,"column":24},"end":{"line":64,"column":1}},"11":{"start":{"line":63,"column":2},"end":{"line":63,"column":22}}},"fnMap":{"0":{"name":"(anonymous_0)","decl":{"start":{"line":14,"column":2},"end":{"line":14,"column":3}},"loc":{"start":{"line":14,"column":23},"end":{"line":19,"column":3}},"line":14},"1":{"name":"(anonymous_1)","decl":{"start":{"line":20,"column":13},"end":{"line":20,"column":14}},"loc":{"start":{"line":20,"column":24},"end":{"line":24,"column":3}},"line":20},"2":{"name":"(anonymous_2)","decl":{"start":{"line":25,"column":14},"end":{"line":25,"column":15}},"loc":{"start":{"line":25,"column":25},"end":{"line":31,"column":3}},"line":25},"3":{"name":"(anonymous_3)","decl":{"start":{"line":32,"column":2},"end":{"line":32,"column":3}},"loc":{"start":{"line":32,"column":11},"end":{"line":59,"column":3}},"line":32},"4":{"name":"(anonymous_4)","decl":{"start":{"line":62,"column":24},"end":{"line":62,"column":25}},"loc":{"start":{"line":62,"column":43},"end":{"line":64,"column":1}},"line":62}},"branchMap":{"0":{"loc":{"start":{"line":16,"column":4},"end":{"line":18,"column":5}},"type":"if","locations":[{"start":{"line":16,"column":4},"end":{"line":18,"column":5}},{"start":{"line":16,"column":4},"end":{"line":18,"column":5}}],"line":16}},"s":{"0":2,"1":2,"2":0,"3":2,"4":1,"5":1,"6":1,"7":1,"8":1,"9":3,"10":2,"11":0},"f":{"0":2,"1":2,"2":1,"3":3,"4":0},"b":{"0":[0,2]},"_coverageSchema":"332fd63041d2c1bcb487cc26dd0d5f7d97098a6c","hash":"3686e2c110732dcaca48b26d1d0b98f2a7d45e3f"}}
,"/Users/oluwakunlefakorede/Desktop/FrostyFood/Food-Fast-Food/client/src/components/pages/OneOrder.jsx": {"data":{"path":"/Users/oluwakunlefakorede/Desktop/FrostyFood/Food-Fast-Food/client/src/components/pages/OneOrder.jsx","statementMap":{"0":{"start":{"line":9,"column":4},"end":{"line":11,"column":7}},"1":{"start":{"line":15,"column":56},"end":{"line":15,"column":66}},"2":{"start":{"line":16,"column":27},"end":{"line":16,"column":37}},"3":{"start":{"line":17,"column":21},"end":{"line":17,"column":47}},"4":{"start":{"line":18,"column":18},"end":{"line":18,"column":39}},"5":{"start":{"line":19,"column":4},"end":{"line":19,"column":42}},"6":{"start":{"line":22,"column":19},"end":{"line":22,"column":29}},"7":{"start":{"line":23,"column":20},"end":{"line":23,"column":74}},"8":{"start":{"line":24,"column":4},"end":{"line":47,"column":13}},"9":{"start":{"line":37,"column":16},"end":{"line":37,"column":62}}},"fnMap":{"0":{"name":"(anonymous_0)","decl":{"start":{"line":8,"column":17},"end":{"line":8,"column":18}},"loc":{"start":{"line":8,"column":28},"end":{"line":12,"column":3}},"line":8},"1":{"name":"(anonymous_1)","decl":{"start":{"line":14,"column":18},"end":{"line":14,"column":19}},"loc":{"start":{"line":14,"column":24},"end":{"line":20,"column":3}},"line":14},"2":{"name":"(anonymous_2)","decl":{"start":{"line":21,"column":2},"end":{"line":21,"column":3}},"loc":{"start":{"line":21,"column":11},"end":{"line":48,"column":3}},"line":21},"3":{"name":"(anonymous_3)","decl":{"start":{"line":36,"column":27},"end":{"line":36,"column":28}},"loc":{"start":{"line":36,"column":37},"end":{"line":38,"column":15}},"line":36}},"branchMap":{},"s":{"0":1,"1":1,"2":1,"3":1,"4":1,"5":1,"6":2,"7":2,"8":2,"9":42},"f":{"0":1,"1":1,"2":2,"3":42},"b":{},"_coverageSchema":"332fd63041d2c1bcb487cc26dd0d5f7d97098a6c","hash":"b1680841314030e40027bf4390d2f6180034f00a"}}
,"/Users/oluwakunlefakorede/Desktop/FrostyFood/Food-Fast-Food/client/src/components/pages/OneOrderDelete.jsx": {"data":{"path":"/Users/oluwakunlefakorede/Desktop/FrostyFood/Food-Fast-Food/client/src/components/pages/OneOrderDelete.jsx","statementMap":{"0":{"start":{"line":6,"column":24},"end":{"line":6,"column":34}},"1":{"start":{"line":7,"column":4},"end":{"line":7,"column":16}},"2":{"start":{"line":10,"column":36},"end":{"line":10,"column":46}},"3":{"start":{"line":11,"column":17},"end":{"line":11,"column":22}},"4":{"start":{"line":12,"column":20},"end":{"line":14,"column":6}},"5":{"start":{"line":13,"column":6},"end":{"line":13,"column":26}},"6":{"start":{"line":15,"column":23},"end":{"line":15,"column":47}},"7":{"start":{"line":16,"column":4},"end":{"line":29,"column":6}}},"fnMap":{"0":{"name":"(anonymous_0)","decl":{"start":{"line":5,"column":18},"end":{"line":5,"column":19}},"loc":{"start":{"line":5,"column":24},"end":{"line":8,"column":3}},"line":5},"1":{"name":"(anonymous_1)","decl":{"start":{"line":9,"column":2},"end":{"line":9,"column":3}},"loc":{"start":{"line":9,"column":11},"end":{"line":30,"column":3}},"line":9},"2":{"name":"(anonymous_2)","decl":{"start":{"line":12,"column":31},"end":{"line":12,"column":32}},"loc":{"start":{"line":12,"column":39},"end":{"line":14,"column":5}},"line":12}},"branchMap":{"0":{"loc":{"start":{"line":15,"column":23},"end":{"line":15,"column":47}},"type":"binary-expr","locations":[{"start":{"line":15,"column":23},"end":{"line":15,"column":41}},{"start":{"line":15,"column":45},"end":{"line":15,"column":47}}],"line":15}},"s":{"0":1,"1":1,"2":1,"3":1,"4":1,"5":1,"6":1,"7":1},"f":{"0":1,"1":1,"2":1},"b":{"0":[1,1]},"_coverageSchema":"332fd63041d2c1bcb487cc26dd0d5f7d97098a6c","hash":"b347b256e2d24f7440939d90daf898be1ca93e3d"}}
,"/Users/oluwakunlefakorede/Desktop/FrostyFood/Food-Fast-Food/client/src/components/pages/OrderHistory.jsx": {"data":{"path":"/Users/oluwakunlefakorede/Desktop/FrostyFood/Food-Fast-Food/client/src/components/pages/OrderHistory.jsx","statementMap":{"0":{"start":{"line":13,"column":28},"end":{"line":13,"column":38}},"1":{"start":{"line":14,"column":4},"end":{"line":14,"column":20}},"2":{"start":{"line":18,"column":22},"end":{"line":18,"column":32}},"3":{"start":{"line":19,"column":4},"end":{"line":19,"column":31}},"4":{"start":{"line":20,"column":4},"end":{"line":20,"column":40}},"5":{"start":{"line":23,"column":29},"end":{"line":23,"column":39}},"6":{"start":{"line":24,"column":4},"end":{"line":46,"column":6}},"7":{"start":{"line":36,"column":14},"end":{"line":40,"column":16}},"8":{"start":{"line":50,"column":24},"end":{"line":55,"column":1}},"9":{"start":{"line":51,"column":2},"end":{"line":54,"column":3}}},"fnMap":{"0":{"name":"(anonymous_0)","decl":{"start":{"line":12,"column":2},"end":{"line":12,"column":3}},"loc":{"start":{"line":12,"column":22},"end":{"line":15,"column":3}},"line":12},"1":{"name":"(anonymous_1)","decl":{"start":{"line":17,"column":17},"end":{"line":17,"column":18}},"loc":{"start":{"line":17,"column":25},"end":{"line":21,"column":3}},"line":17},"2":{"name":"(anonymous_2)","decl":{"start":{"line":22,"column":2},"end":{"line":22,"column":3}},"loc":{"start":{"line":22,"column":11},"end":{"line":47,"column":3}},"line":22},"3":{"name":"(anonymous_3)","decl":{"start":{"line":35,"column":46},"end":{"line":35,"column":47}},"loc":{"start":{"line":35,"column":55},"end":{"line":40,"column":17}},"line":35},"4":{"name":"(anonymous_4)","decl":{"start":{"line":50,"column":24},"end":{"line":50,"column":25}},"loc":{"start":{"line":50,"column":43},"end":{"line":55,"column":1}},"line":50}},"branchMap":{"0":{"loc":{"start":{"line":35,"column":14},"end":{"line":40,"column":33}},"type":"cond-expr","locations":[{"start":{"line":35,"column":35},"end":{"line":40,"column":18}},{"start":{"line":40,"column":22},"end":{"line":40,"column":33}}],"line":35},"1":{"loc":{"start":{"line":35,"column":14},"end":{"line":35,"column":31}},"type":"binary-expr","locations":[{"start":{"line":35,"column":14},"end":{"line":35,"column":21}},{"start":{"line":35,"column":25},"end":{"line":35,"column":31}}],"line":35}},"s":{"0":1,"1":1,"2":1,"3":1,"4":1,"5":1,"6":1,"7":0,"8":2,"9":0},"f":{"0":1,"1":1,"2":1,"3":0,"4":0},"b":{"0":[0,1],"1":[1,0]},"_coverageSchema":"332fd63041d2c1bcb487cc26dd0d5f7d97098a6c","hash":"8f08b840244d43650d224083dd7e09b0a23abed7"}}
,"/Users/oluwakunlefakorede/Desktop/FrostyFood/Food-Fast-Food/client/src/components/pages/OrderPage.jsx": {"data":{"path":"/Users/oluwakunlefakorede/Desktop/FrostyFood/Food-Fast-Food/client/src/components/pages/OrderPage.jsx","statementMap":{"0":{"start":{"line":10,"column":4},"end":{"line":10,"column":28}},"1":{"start":{"line":14,"column":24},"end":{"line":14,"column":34}},"2":{"start":{"line":15,"column":4},"end":{"line":15,"column":30}},"3":{"start":{"line":16,"column":4},"end":{"line":16,"column":46}},"4":{"start":{"line":19,"column":30},"end":{"line":19,"column":49}},"5":{"start":{"line":20,"column":4},"end":{"line":31,"column":7}},"6":{"start":{"line":35,"column":24},"end":{"line":40,"column":1}},"7":{"start":{"line":36,"column":2},"end":{"line":39,"column":4}}},"fnMap":{"0":{"name":"(anonymous_0)","decl":{"start":{"line":9,"column":2},"end":{"line":9,"column":3}},"loc":{"start":{"line":9,"column":22},"end":{"line":11,"column":3}},"line":9},"1":{"name":"(anonymous_1)","decl":{"start":{"line":13,"column":16},"end":{"line":13,"column":17}},"loc":{"start":{"line":13,"column":24},"end":{"line":17,"column":3}},"line":13},"2":{"name":"(anonymous_2)","decl":{"start":{"line":18,"column":2},"end":{"line":18,"column":3}},"loc":{"start":{"line":18,"column":11},"end":{"line":32,"column":3}},"line":18},"3":{"name":"(anonymous_3)","decl":{"start":{"line":35,"column":24},"end":{"line":35,"column":25}},"loc":{"start":{"line":35,"column":40},"end":{"line":40,"column":1}},"line":35}},"branchMap":{},"s":{"0":1,"1":1,"2":1,"3":1,"4":1,"5":1,"6":2,"7":0},"f":{"0":1,"1":1,"2":1,"3":0},"b":{},"_coverageSchema":"332fd63041d2c1bcb487cc26dd0d5f7d97098a6c","hash":"6dc04a5bc33786794ad80e6ed045058413ec97f8"}}
,"/Users/oluwakunlefakorede/Desktop/FrostyFood/Food-Fast-Food/client/src/components/pages/SignupPage.jsx": {"data":{"path":"/Users/oluwakunlefakorede/Desktop/FrostyFood/Food-Fast-Food/client/src/components/pages/SignupPage.jsx","statementMap":{"0":{"start":{"line":17,"column":37},"end":{"line":17,"column":47}},"1":{"start":{"line":18,"column":4},"end":{"line":20,"column":5}},"2":{"start":{"line":19,"column":6},"end":{"line":19,"column":24}},"3":{"start":{"line":24,"column":4},"end":{"line":26,"column":7}},"4":{"start":{"line":29,"column":4},"end":{"line":29,"column":27}},"5":{"start":{"line":30,"column":52},"end":{"line":30,"column":62}},"6":{"start":{"line":31,"column":20},"end":{"line":31,"column":59}},"7":{"start":{"line":32,"column":4},"end":{"line":32,"column":35}},"8":{"start":{"line":35,"column":4},"end":{"line":60,"column":6}},"9":{"start":{"line":64,"column":24},"end":{"line":66,"column":1}},"10":{"start":{"line":65,"column":2},"end":{"line":65,"column":22}}},"fnMap":{"0":{"name":"(anonymous_0)","decl":{"start":{"line":16,"column":2},"end":{"line":16,"column":3}},"loc":{"start":{"line":16,"column":23},"end":{"line":21,"column":3}},"line":16},"1":{"name":"(anonymous_1)","decl":{"start":{"line":23,"column":13},"end":{"line":23,"column":14}},"loc":{"start":{"line":23,"column":24},"end":{"line":27,"column":3}},"line":23},"2":{"name":"(anonymous_2)","decl":{"start":{"line":28,"column":15},"end":{"line":28,"column":16}},"loc":{"start":{"line":28,"column":26},"end":{"line":33,"column":3}},"line":28},"3":{"name":"(anonymous_3)","decl":{"start":{"line":34,"column":2},"end":{"line":34,"column":3}},"loc":{"start":{"line":34,"column":11},"end":{"line":61,"column":3}},"line":34},"4":{"name":"(anonymous_4)","decl":{"start":{"line":64,"column":24},"end":{"line":64,"column":25}},"loc":{"start":{"line":64,"column":43},"end":{"line":66,"column":1}},"line":64}},"branchMap":{"0":{"loc":{"start":{"line":18,"column":4},"end":{"line":20,"column":5}},"type":"if","locations":[{"start":{"line":18,"column":4},"end":{"line":20,"column":5}},{"start":{"line":18,"column":4},"end":{"line":20,"column":5}}],"line":18}},"s":{"0":4,"1":4,"2":0,"3":4,"4":1,"5":1,"6":1,"7":1,"8":5,"9":2,"10":0},"f":{"0":4,"1":4,"2":1,"3":5,"4":0},"b":{"0":[0,4]},"_coverageSchema":"332fd63041d2c1bcb487cc26dd0d5f7d97098a6c","hash":"5556ccba8a3cc2299edcfa35ca564b84a34c7260"}}
,"/Users/oluwakunlefakorede/Desktop/FrostyFood/Food-Fast-Food/client/src/helpers/getStorage.js": {"data":{"path":"/Users/oluwakunlefakorede/Desktop/FrostyFood/Food-Fast-Food/client/src/helpers/getStorage.js","statementMap":{"0":{"start":{"line":1,"column":19},"end":{"line":1,"column":51}},"1":{"start":{"line":1,"column":26},"end":{"line":1,"column":51}}},"fnMap":{"0":{"name":"(anonymous_0)","decl":{"start":{"line":1,"column":19},"end":{"line":1,"column":20}},"loc":{"start":{"line":1,"column":26},"end":{"line":1,"column":51}},"line":1}},"branchMap":{},"s":{"0":7,"1":18},"f":{"0":18},"b":{},"_coverageSchema":"332fd63041d2c1bcb487cc26dd0d5f7d97098a6c","hash":"147f493c3e56f1860c7dc31eb7370ee2b273c717"}}
,"/Users/oluwakunlefakorede/Desktop/FrostyFood/Food-Fast-Food/client/src/helpers/setStorage.js": {"data":{"path":"/Users/oluwakunlefakorede/Desktop/FrostyFood/Food-Fast-Food/client/src/helpers/setStorage.js","statementMap":{"0":{"start":{"line":1,"column":19},"end":{"line":1,"column":67}},"1":{"start":{"line":1,"column":35},"end":{"line":1,"column":67}}},"fnMap":{"0":{"name":"(anonymous_0)","decl":{"start":{"line":1,"column":19},"end":{"line":1,"column":20}},"loc":{"start":{"line":1,"column":35},"end":{"line":1,"column":67}},"line":1}},"branchMap":{},"s":{"0":10,"1":4},"f":{"0":4},"b":{},"_coverageSchema":"332fd63041d2c1bcb487cc26dd0d5f7d97098a6c","hash":"32c082397536f76dfd1490566b9a232736b72f3f"}}
,"/Users/oluwakunlefakorede/Desktop/FrostyFood/Food-Fast-Food/client/src/reducers/index.js": {"path":"/Users/oluwakunlefakorede/Desktop/FrostyFood/Food-Fast-Food/client/src/reducers/index.js","statementMap":{"0":{"start":{"line":1,"column":0},"end":{"line":null,"column":-1}},"1":{"start":{"line":2,"column":0},"end":{"line":null,"column":-1}},"2":{"start":{"line":3,"column":0},"end":{"line":null,"column":-1}},"3":{"start":{"line":4,"column":0},"end":{"line":null,"column":-1}},"4":{"start":{"line":6,"column":20},"end":{"line":6,"column":0}}},"fnMap":{},"branchMap":{},"s":{"0":0,"1":0,"2":0,"3":0,"4":0},"f":{},"b":{}}
,"/Users/oluwakunlefakorede/Desktop/FrostyFood/Food-Fast-Food/client/src/reducers/menuReducer.js": {"data":{"path":"/Users/oluwakunlefakorede/Desktop/FrostyFood/Food-Fast-Food/client/src/reducers/menuReducer.js","statementMap":{"0":{"start":{"line":1,"column":18},"end":{"line":4,"column":1}},"1":{"start":{"line":6,"column":20},"end":{"line":35,"column":1}},"2":{"start":{"line":7,"column":2},"end":{"line":34,"column":3}},"3":{"start":{"line":9,"column":6},"end":{"line":13,"column":8}},"4":{"start":{"line":15,"column":4},"end":{"line":19,"column":6}},"5":{"start":{"line":21,"column":4},"end":{"line":25,"column":6}},"6":{"start":{"line":27,"column":4},"end":{"line":31,"column":6}},"7":{"start":{"line":33,"column":5},"end":{"line":33,"column":18}}},"fnMap":{"0":{"name":"(anonymous_0)","decl":{"start":{"line":6,"column":20},"end":{"line":6,"column":21}},"loc":{"start":{"line":6,"column":51},"end":{"line":35,"column":1}},"line":6}},"branchMap":{"0":{"loc":{"start":{"line":6,"column":21},"end":{"line":6,"column":38}},"type":"default-arg","locations":[{"start":{"line":6,"column":29},"end":{"line":6,"column":38}}],"line":6},"1":{"loc":{"start":{"line":7,"column":2},"end":{"line":34,"column":3}},"type":"switch","locations":[{"start":{"line":8,"column":4},"end":{"line":13,"column":8}},{"start":{"line":14,"column":4},"end":{"line":19,"column":6}},{"start":{"line":20,"column":4},"end":{"line":25,"column":6}},{"start":{"line":26,"column":4},"end":{"line":31,"column":6}},{"start":{"line":32,"column":4},"end":{"line":33,"column":18}}],"line":7}},"s":{"0":1,"1":1,"2":4,"3":1,"4":1,"5":1,"6":1,"7":0},"f":{"0":4},"b":{"0":[3],"1":[1,1,1,1,0]},"_coverageSchema":"332fd63041d2c1bcb487cc26dd0d5f7d97098a6c","hash":"cccd443dbf4ac6b659474793a4b9d28fdfecc07d"}}
,"/Users/oluwakunlefakorede/Desktop/FrostyFood/Food-Fast-Food/client/src/reducers/orderReducer.js": {"data":{"path":"/Users/oluwakunlefakorede/Desktop/FrostyFood/Food-Fast-Food/client/src/reducers/orderReducer.js","statementMap":{"0":{"start":{"line":1,"column":18},"end":{"line":5,"column":1}},"1":{"start":{"line":7,"column":21},"end":{"line":42,"column":1}},"2":{"start":{"line":8,"column":2},"end":{"line":41,"column":3}},"3":{"start":{"line":10,"column":6},"end":{"line":14,"column":8}},"4":{"start":{"line":16,"column":4},"end":{"line":20,"column":6}},"5":{"start":{"line":22,"column":2},"end":{"line":26,"column":4}},"6":{"start":{"line":28,"column":2},"end":{"line":32,"column":4}},"7":{"start":{"line":34,"column":2},"end":{"line":38,"column":4}},"8":{"start":{"line":37,"column":56},"end":{"line":37,"column":78}},"9":{"start":{"line":40,"column":4},"end":{"line":40,"column":17}}},"fnMap":{"0":{"name":"(anonymous_0)","decl":{"start":{"line":7,"column":21},"end":{"line":7,"column":22}},"loc":{"start":{"line":7,"column":52},"end":{"line":42,"column":1}},"line":7},"1":{"name":"(anonymous_1)","decl":{"start":{"line":37,"column":47},"end":{"line":37,"column":48}},"loc":{"start":{"line":37,"column":56},"end":{"line":37,"column":78}},"line":37}},"branchMap":{"0":{"loc":{"start":{"line":7,"column":22},"end":{"line":7,"column":39}},"type":"default-arg","locations":[{"start":{"line":7,"column":30},"end":{"line":7,"column":39}}],"line":7},"1":{"loc":{"start":{"line":8,"column":2},"end":{"line":41,"column":3}},"type":"switch","locations":[{"start":{"line":9,"column":4},"end":{"line":14,"column":8}},{"start":{"line":15,"column":4},"end":{"line":20,"column":6}},{"start":{"line":21,"column":2},"end":{"line":26,"column":4}},{"start":{"line":27,"column":2},"end":{"line":32,"column":4}},{"start":{"line":33,"column":2},"end":{"line":38,"column":4}},{"start":{"line":39,"column":2},"end":{"line":40,"column":17}}],"line":8}},"s":{"0":1,"1":1,"2":5,"3":1,"4":1,"5":1,"6":1,"7":0,"8":0,"9":1},"f":{"0":5,"1":0},"b":{"0":[1],"1":[1,1,1,1,0,1]},"_coverageSchema":"332fd63041d2c1bcb487cc26dd0d5f7d97098a6c","hash":"381e307413360acfc81667dbc0a6734bfc47f922"}}
,"/Users/oluwakunlefakorede/Desktop/FrostyFood/Food-Fast-Food/client/src/reducers/userReducer.js": {"data":{"path":"/Users/oluwakunlefakorede/Desktop/FrostyFood/Food-Fast-Food/client/src/reducers/userReducer.js","statementMap":{"0":{"start":{"line":1,"column":18},"end":{"line":5,"column":1}},"1":{"start":{"line":7,"column":21},"end":{"line":38,"column":1}},"2":{"start":{"line":8,"column":2},"end":{"line":37,"column":3}},"3":{"start":{"line":10,"column":6},"end":{"line":15,"column":8}},"4":{"start":{"line":17,"column":6},"end":{"line":22,"column":8}},"5":{"start":{"line":24,"column":4},"end":{"line":28,"column":6}},"6":{"start":{"line":30,"column":4},"end":{"line":34,"column":6}},"7":{"start":{"line":36,"column":5},"end":{"line":36,"column":18}}},"fnMap":{"0":{"name":"(anonymous_0)","decl":{"start":{"line":7,"column":21},"end":{"line":7,"column":22}},"loc":{"start":{"line":7,"column":52},"end":{"line":38,"column":1}},"line":7}},"branchMap":{"0":{"loc":{"start":{"line":7,"column":22},"end":{"line":7,"column":39}},"type":"default-arg","locations":[{"start":{"line":7,"column":30},"end":{"line":7,"column":39}}],"line":7},"1":{"loc":{"start":{"line":8,"column":2},"end":{"line":37,"column":3}},"type":"switch","locations":[{"start":{"line":9,"column":4},"end":{"line":15,"column":8}},{"start":{"line":16,"column":4},"end":{"line":22,"column":8}},{"start":{"line":23,"column":4},"end":{"line":28,"column":6}},{"start":{"line":29,"column":4},"end":{"line":34,"column":6}},{"start":{"line":35,"column":4},"end":{"line":36,"column":18}}],"line":8}},"s":{"0":1,"1":1,"2":4,"3":1,"4":1,"5":1,"6":1,"7":0},"f":{"0":4},"b":{"0":[2],"1":[1,1,1,1,0]},"_coverageSchema":"332fd63041d2c1bcb487cc26dd0d5f7d97098a6c","hash":"e82dd58bcae00fbf2bd74d299d0128dc2aa5c877"}}
,"/Users/oluwakunlefakorede/Desktop/FrostyFood/Food-Fast-Food/client/src/store/index.js": {"path":"/Users/oluwakunlefakorede/Desktop/FrostyFood/Food-Fast-Food/client/src/store/index.js","statementMap":{"0":{"start":{"line":1,"column":0},"end":{"line":null,"column":-1}},"1":{"start":{"line":2,"column":0},"end":{"line":null,"column":-1}},"2":{"start":{"line":3,"column":0},"end":{"line":null,"column":-1}},"3":{"start":{"line":4,"column":0},"end":{"line":null,"column":-1}},"4":{"start":{"line":6,"column":19},"end":{"line":6,"column":0}},"5":{"start":{"line":8,"column":14},"end":{"line":8,"column":0}}},"fnMap":{},"branchMap":{},"s":{"0":0,"1":0,"2":0,"3":0,"4":0,"5":0},"f":{},"b":{}}
}
