{"/Users/oluwakunlefakorede/Desktop/FrostyFood/Food-Fast-Food/client/src/app.js": {"data":{"path":"/Users/oluwakunlefakorede/Desktop/FrostyFood/Food-Fast-Food/client/src/app.js","statementMap":{"0":{"start":{"line":20,"column":4},"end":{"line":37,"column":6}}},"fnMap":{"0":{"name":"(anonymous_0)","decl":{"start":{"line":19,"column":2},"end":{"line":19,"column":3}},"loc":{"start":{"line":19,"column":11},"end":{"line":38,"column":3}},"line":19}},"branchMap":{},"s":{"0":1},"f":{"0":1},"b":{},"_coverageSchema":"332fd63041d2c1bcb487cc26dd0d5f7d97098a6c","hash":"65e464b60039d6ca89ffdd1df8f561b1dfacdf17"}}
,"/Users/oluwakunlefakorede/Desktop/FrostyFood/Food-Fast-Food/client/src/const.js": {"data":{"path":"/Users/oluwakunlefakorede/Desktop/FrostyFood/Food-Fast-Food/client/src/const.js","statementMap":{"0":{"start":{"line":2,"column":23},"end":{"line":2,"column":46}}},"fnMap":{},"branchMap":{},"s":{"0":6},"f":{},"b":{},"_coverageSchema":"332fd63041d2c1bcb487cc26dd0d5f7d97098a6c","hash":"2a9b1e9504b3d741c6ab25f4c57dc3260445acd2"}}
,"/Users/oluwakunlefakorede/Desktop/FrostyFood/Food-Fast-Food/client/src/index.js": {"path":"/Users/oluwakunlefakorede/Desktop/FrostyFood/Food-Fast-Food/client/src/index.js","statementMap":{"0":{"start":{"line":1,"column":0},"end":{"line":null,"column":-1}},"1":{"start":{"line":2,"column":0},"end":{"line":null,"column":-1}},"2":{"start":{"line":3,"column":0},"end":{"line":null,"column":-1}},"3":{"start":{"line":4,"column":0},"end":{"line":null,"column":-1}},"4":{"start":{"line":5,"column":0},"end":{"line":null,"column":-1}},"5":{"start":{"line":7,"column":0},"end":{"line":null,"column":-1}}},"fnMap":{},"branchMap":{},"s":{"0":0,"1":0,"2":0,"3":0,"4":0,"5":0},"f":{},"b":{}}
,"/Users/oluwakunlefakorede/Desktop/FrostyFood/Food-Fast-Food/client/src/actions/menuAction.js": {"data":{"path":"/Users/oluwakunlefakorede/Desktop/FrostyFood/Food-Fast-Food/client/src/actions/menuAction.js","statementMap":{"0":{"start":{"line":7,"column":25},"end":{"line":7,"column":59}},"1":{"start":{"line":7,"column":36},"end":{"line":7,"column":58}},"2":{"start":{"line":8,"column":25},"end":{"line":8,"column":64}},"3":{"start":{"line":8,"column":37},"end":{"line":8,"column":63}},"4":{"start":{"line":9,"column":16},"end":{"line":9,"column":35}},"5":{"start":{"line":12,"column":26},"end":{"line":24,"column":1}},"6":{"start":{"line":12,"column":32},"end":{"line":24,"column":1}},"7":{"start":{"line":13,"column":2},"end":{"line":13,"column":31}},"8":{"start":{"line":14,"column":2},"end":{"line":14,"column":60}},"9":{"start":{"line":15,"column":2},"end":{"line":23,"column":5}},"10":{"start":{"line":17,"column":4},"end":{"line":17,"column":40}},"11":{"start":{"line":18,"column":4},"end":{"line":18,"column":34}},"12":{"start":{"line":21,"column":4},"end":{"line":21,"column":33}},"13":{"start":{"line":22,"column":4},"end":{"line":22,"column":34}}},"fnMap":{"0":{"name":"(anonymous_0)","decl":{"start":{"line":7,"column":25},"end":{"line":7,"column":26}},"loc":{"start":{"line":7,"column":36},"end":{"line":7,"column":58}},"line":7},"1":{"name":"(anonymous_1)","decl":{"start":{"line":8,"column":25},"end":{"line":8,"column":26}},"loc":{"start":{"line":8,"column":37},"end":{"line":8,"column":63}},"line":8},"2":{"name":"(anonymous_2)","decl":{"start":{"line":12,"column":26},"end":{"line":12,"column":27}},"loc":{"start":{"line":12,"column":32},"end":{"line":24,"column":1}},"line":12},"3":{"name":"(anonymous_3)","decl":{"start":{"line":12,"column":32},"end":{"line":12,"column":33}},"loc":{"start":{"line":12,"column":44},"end":{"line":24,"column":1}},"line":12},"4":{"name":"(anonymous_4)","decl":{"start":{"line":16,"column":8},"end":{"line":16,"column":9}},"loc":{"start":{"line":16,"column":31},"end":{"line":19,"column":3}},"line":16},"5":{"name":"(anonymous_5)","decl":{"start":{"line":20,"column":9},"end":{"line":20,"column":10}},"loc":{"start":{"line":20,"column":24},"end":{"line":23,"column":3}},"line":20}},"branchMap":{},"s":{"0":3,"1":1,"2":3,"3":1,"4":3,"5":3,"6":2,"7":2,"8":2,"9":2,"10":1,"11":1,"12":1,"13":1},"f":{"0":1,"1":1,"2":2,"3":2,"4":1,"5":1},"b":{},"_coverageSchema":"332fd63041d2c1bcb487cc26dd0d5f7d97098a6c","hash":"bc9314c5b28bed9c02414276367df620f0d791a1"}}
,"/Users/oluwakunlefakorede/Desktop/FrostyFood/Food-Fast-Food/client/src/actions/types.js": {"data":{"path":"/Users/oluwakunlefakorede/Desktop/FrostyFood/Food-Fast-Food/client/src/actions/types.js","statementMap":{"0":{"start":{"line":1,"column":26},"end":{"line":1,"column":38}},"1":{"start":{"line":2,"column":27},"end":{"line":2,"column":38}},"2":{"start":{"line":3,"column":26},"end":{"line":3,"column":38}},"3":{"start":{"line":4,"column":24},"end":{"line":4,"column":34}},"4":{"start":{"line":5,"column":26},"end":{"line":5,"column":38}},"5":{"start":{"line":6,"column":26},"end":{"line":6,"column":38}}},"fnMap":{},"branchMap":{},"s":{"0":8,"1":8,"2":8,"3":8,"4":8,"5":8},"f":{},"b":{},"_coverageSchema":"332fd63041d2c1bcb487cc26dd0d5f7d97098a6c","hash":"c62fd0de88ea0a1a25eabc5429967e143f70e4b2"}}
,"/Users/oluwakunlefakorede/Desktop/FrostyFood/Food-Fast-Food/client/src/actions/userAction.js": {"data":{"path":"/Users/oluwakunlefakorede/Desktop/FrostyFood/Food-Fast-Food/client/src/actions/userAction.js","statementMap":{"0":{"start":{"line":8,"column":25},"end":{"line":8,"column":69}},"1":{"start":{"line":8,"column":39},"end":{"line":8,"column":68}},"2":{"start":{"line":9,"column":25},"end":{"line":9,"column":70}},"3":{"start":{"line":9,"column":39},"end":{"line":9,"column":69}},"4":{"start":{"line":10,"column":28},"end":{"line":10,"column":68}},"5":{"start":{"line":10,"column":41},"end":{"line":10,"column":67}},"6":{"start":{"line":11,"column":25},"end":{"line":11,"column":64}},"7":{"start":{"line":11,"column":37},"end":{"line":11,"column":63}},"8":{"start":{"line":13,"column":26},"end":{"line":26,"column":1}},"9":{"start":{"line":13,"column":37},"end":{"line":26,"column":1}},"10":{"start":{"line":14,"column":2},"end":{"line":14,"column":31}},"11":{"start":{"line":15,"column":2},"end":{"line":25,"column":5}},"12":{"start":{"line":17,"column":4},"end":{"line":17,"column":36}},"13":{"start":{"line":18,"column":20},"end":{"line":18,"column":41}},"14":{"start":{"line":19,"column":4},"end":{"line":19,"column":40}},"15":{"start":{"line":20,"column":4},"end":{"line":20,"column":34}},"16":{"start":{"line":23,"column":4},"end":{"line":23,"column":33}},"17":{"start":{"line":24,"column":4},"end":{"line":24,"column":34}},"18":{"start":{"line":28,"column":26},"end":{"line":41,"column":1}},"19":{"start":{"line":28,"column":36},"end":{"line":41,"column":1}},"20":{"start":{"line":29,"column":2},"end":{"line":29,"column":31}},"21":{"start":{"line":30,"column":2},"end":{"line":40,"column":5}},"22":{"start":{"line":32,"column":4},"end":{"line":32,"column":36}},"23":{"start":{"line":33,"column":20},"end":{"line":33,"column":41}},"24":{"start":{"line":34,"column":4},"end":{"line":34,"column":40}},"25":{"start":{"line":35,"column":4},"end":{"line":35,"column":34}},"26":{"start":{"line":38,"column":4},"end":{"line":38,"column":33}},"27":{"start":{"line":39,"column":4},"end":{"line":39,"column":34}}},"fnMap":{"0":{"name":"(anonymous_0)","decl":{"start":{"line":8,"column":25},"end":{"line":8,"column":26}},"loc":{"start":{"line":8,"column":39},"end":{"line":8,"column":68}},"line":8},"1":{"name":"(anonymous_1)","decl":{"start":{"line":9,"column":25},"end":{"line":9,"column":26}},"loc":{"start":{"line":9,"column":39},"end":{"line":9,"column":69}},"line":9},"2":{"name":"(anonymous_2)","decl":{"start":{"line":10,"column":28},"end":{"line":10,"column":29}},"loc":{"start":{"line":10,"column":41},"end":{"line":10,"column":67}},"line":10},"3":{"name":"(anonymous_3)","decl":{"start":{"line":11,"column":25},"end":{"line":11,"column":26}},"loc":{"start":{"line":11,"column":37},"end":{"line":11,"column":63}},"line":11},"4":{"name":"(anonymous_4)","decl":{"start":{"line":13,"column":26},"end":{"line":13,"column":27}},"loc":{"start":{"line":13,"column":37},"end":{"line":26,"column":1}},"line":13},"5":{"name":"(anonymous_5)","decl":{"start":{"line":13,"column":37},"end":{"line":13,"column":38}},"loc":{"start":{"line":13,"column":49},"end":{"line":26,"column":1}},"line":13},"6":{"name":"(anonymous_6)","decl":{"start":{"line":16,"column":8},"end":{"line":16,"column":9}},"loc":{"start":{"line":16,"column":20},"end":{"line":21,"column":3}},"line":16},"7":{"name":"(anonymous_7)","decl":{"start":{"line":22,"column":9},"end":{"line":22,"column":10}},"loc":{"start":{"line":22,"column":24},"end":{"line":25,"column":3}},"line":22},"8":{"name":"(anonymous_8)","decl":{"start":{"line":28,"column":26},"end":{"line":28,"column":27}},"loc":{"start":{"line":28,"column":36},"end":{"line":41,"column":1}},"line":28},"9":{"name":"(anonymous_9)","decl":{"start":{"line":28,"column":36},"end":{"line":28,"column":37}},"loc":{"start":{"line":28,"column":48},"end":{"line":41,"column":1}},"line":28},"10":{"name":"(anonymous_10)","decl":{"start":{"line":31,"column":8},"end":{"line":31,"column":9}},"loc":{"start":{"line":31,"column":20},"end":{"line":36,"column":3}},"line":31},"11":{"name":"(anonymous_11)","decl":{"start":{"line":37,"column":9},"end":{"line":37,"column":10}},"loc":{"start":{"line":37,"column":24},"end":{"line":40,"column":3}},"line":37}},"branchMap":{},"s":{"0":6,"1":1,"2":6,"3":1,"4":6,"5":12,"6":6,"7":2,"8":6,"9":2,"10":2,"11":2,"12":1,"13":1,"14":1,"15":1,"16":1,"17":1,"18":6,"19":2,"20":2,"21":2,"22":1,"23":1,"24":1,"25":1,"26":1,"27":1},"f":{"0":1,"1":1,"2":12,"3":2,"4":2,"5":2,"6":1,"7":1,"8":2,"9":2,"10":1,"11":1},"b":{},"_coverageSchema":"332fd63041d2c1bcb487cc26dd0d5f7d97098a6c","hash":"9a0fb9c2dfb8d2375ea931faaae5bdd226ad6393"}}
,"/Users/oluwakunlefakorede/Desktop/FrostyFood/Food-Fast-Food/client/src/components/common/Main.jsx": {"data":{"path":"/Users/oluwakunlefakorede/Desktop/FrostyFood/Food-Fast-Food/client/src/components/common/Main.jsx","statementMap":{"0":{"start":{"line":3,"column":13},"end":{"line":11,"column":1}},"1":{"start":{"line":4,"column":2},"end":{"line":10,"column":4}}},"fnMap":{"0":{"name":"(anonymous_0)","decl":{"start":{"line":3,"column":13},"end":{"line":3,"column":14}},"loc":{"start":{"line":3,"column":24},"end":{"line":11,"column":1}},"line":3}},"branchMap":{},"s":{"0":2,"1":0},"f":{"0":0},"b":{},"_coverageSchema":"332fd63041d2c1bcb487cc26dd0d5f7d97098a6c","hash":"7742f33acc501c87db6a22db70865d6773d40bde"}}
,"/Users/oluwakunlefakorede/Desktop/FrostyFood/Food-Fast-Food/client/src/components/common/MainBar.jsx": {"data":{"path":"/Users/oluwakunlefakorede/Desktop/FrostyFood/Food-Fast-Food/client/src/components/common/MainBar.jsx","statementMap":{"0":{"start":{"line":8,"column":16},"end":{"line":15,"column":1}},"1":{"start":{"line":9,"column":2},"end":{"line":14,"column":4}}},"fnMap":{"0":{"name":"(anonymous_0)","decl":{"start":{"line":8,"column":16},"end":{"line":8,"column":17}},"loc":{"start":{"line":8,"column":29},"end":{"line":15,"column":1}},"line":8}},"branchMap":{},"s":{"0":2,"1":0},"f":{"0":0},"b":{},"_coverageSchema":"332fd63041d2c1bcb487cc26dd0d5f7d97098a6c","hash":"eb8c9f27b27a6215f26f18228d98be384e8c83c8"}}
,"/Users/oluwakunlefakorede/Desktop/FrostyFood/Food-Fast-Food/client/src/components/common/MenuList.jsx": {"data":{"path":"/Users/oluwakunlefakorede/Desktop/FrostyFood/Food-Fast-Food/client/src/components/common/MenuList.jsx","statementMap":{"0":{"start":{"line":3,"column":17},"end":{"line":19,"column":1}},"1":{"start":{"line":4,"column":19},"end":{"line":4,"column":24}},"2":{"start":{"line":5,"column":2},"end":{"line":18,"column":4}}},"fnMap":{"0":{"name":"(anonymous_0)","decl":{"start":{"line":3,"column":17},"end":{"line":3,"column":18}},"loc":{"start":{"line":3,"column":28},"end":{"line":19,"column":1}},"line":3}},"branchMap":{},"s":{"0":2,"1":0,"2":0},"f":{"0":0},"b":{},"_coverageSchema":"332fd63041d2c1bcb487cc26dd0d5f7d97098a6c","hash":"566151b3a31231a87682a57b1963e80ed9447662"}}
,"/Users/oluwakunlefakorede/Desktop/FrostyFood/Food-Fast-Food/client/src/components/common/MenuTitle.jsx": {"data":{"path":"/Users/oluwakunlefakorede/Desktop/FrostyFood/Food-Fast-Food/client/src/components/common/MenuTitle.jsx","statementMap":{"0":{"start":{"line":5,"column":18},"end":{"line":29,"column":1}},"1":{"start":{"line":6,"column":2},"end":{"line":28,"column":4}},"2":{"start":{"line":22,"column":14},"end":{"line":22,"column":58}}},"fnMap":{"0":{"name":"(anonymous_0)","decl":{"start":{"line":5,"column":18},"end":{"line":5,"column":19}},"loc":{"start":{"line":5,"column":31},"end":{"line":29,"column":1}},"line":5},"1":{"name":"(anonymous_1)","decl":{"start":{"line":21,"column":45},"end":{"line":21,"column":46}},"loc":{"start":{"line":21,"column":53},"end":{"line":23,"column":13}},"line":21}},"branchMap":{"0":{"loc":{"start":{"line":21,"column":12},"end":{"line":23,"column":14}},"type":"cond-expr","locations":[{"start":{"line":21,"column":21},"end":{"line":21,"column":32}},{"start":{"line":21,"column":35},"end":{"line":23,"column":14}}],"line":21}},"s":{"0":2,"1":0,"2":0},"f":{"0":0,"1":0},"b":{"0":[0,0]},"_coverageSchema":"332fd63041d2c1bcb487cc26dd0d5f7d97098a6c","hash":"6ff92f331f915c35235d66f8b290b27bd17e25a7"}}
,"/Users/oluwakunlefakorede/Desktop/FrostyFood/Food-Fast-Food/client/src/components/common/SearchFood.jsx": {"data":{"path":"/Users/oluwakunlefakorede/Desktop/FrostyFood/Food-Fast-Food/client/src/components/common/SearchFood.jsx","statementMap":{"0":{"start":{"line":4,"column":19},"end":{"line":10,"column":1}},"1":{"start":{"line":5,"column":2},"end":{"line":9,"column":4}}},"fnMap":{"0":{"name":"(anonymous_0)","decl":{"start":{"line":4,"column":19},"end":{"line":4,"column":20}},"loc":{"start":{"line":4,"column":25},"end":{"line":10,"column":1}},"line":4}},"branchMap":{},"s":{"0":2,"1":0},"f":{"0":0},"b":{},"_coverageSchema":"332fd63041d2c1bcb487cc26dd0d5f7d97098a6c","hash":"1ab0fdebd799fce00d32d05c94fec377b88f4fef"}}
,"/Users/oluwakunlefakorede/Desktop/FrostyFood/Food-Fast-Food/client/src/components/common/SideBar.jsx": {"data":{"path":"/Users/oluwakunlefakorede/Desktop/FrostyFood/Food-Fast-Food/client/src/components/common/SideBar.jsx","statementMap":{"0":{"start":{"line":3,"column":16},"end":{"line":15,"column":1}},"1":{"start":{"line":4,"column":2},"end":{"line":14,"column":4}}},"fnMap":{"0":{"name":"(anonymous_0)","decl":{"start":{"line":3,"column":16},"end":{"line":3,"column":17}},"loc":{"start":{"line":3,"column":22},"end":{"line":15,"column":1}},"line":3}},"branchMap":{},"s":{"0":2,"1":0},"f":{"0":0},"b":{},"_coverageSchema":"332fd63041d2c1bcb487cc26dd0d5f7d97098a6c","hash":"e41a3812395730bec0fb79f5c10950ef54f48161"}}
,"/Users/oluwakunlefakorede/Desktop/FrostyFood/Food-Fast-Food/client/src/components/common/Spinner.jsx": {"data":{"path":"/Users/oluwakunlefakorede/Desktop/FrostyFood/Food-Fast-Food/client/src/components/common/Spinner.jsx","statementMap":{"0":{"start":{"line":3,"column":16},"end":{"line":3,"column":49}},"1":{"start":{"line":3,"column":22},"end":{"line":3,"column":49}}},"fnMap":{"0":{"name":"(anonymous_0)","decl":{"start":{"line":3,"column":16},"end":{"line":3,"column":17}},"loc":{"start":{"line":3,"column":22},"end":{"line":3,"column":49}},"line":3}},"branchMap":{},"s":{"0":2,"1":0},"f":{"0":0},"b":{},"_coverageSchema":"332fd63041d2c1bcb487cc26dd0d5f7d97098a6c","hash":"36774f73bc3d99937d0b0f7c7b776328380af936"}}
,"/Users/oluwakunlefakorede/Desktop/FrostyFood/Food-Fast-Food/client/src/components/forms/LoginForm.jsx": {"data":{"path":"/Users/oluwakunlefakorede/Desktop/FrostyFood/Food-Fast-Food/client/src/components/forms/LoginForm.jsx","statementMap":{"0":{"start":{"line":3,"column":18},"end":{"line":23,"column":1}},"1":{"start":{"line":4,"column":2},"end":{"line":22,"column":3}},"2":{"start":{"line":5,"column":75},"end":{"line":5,"column":90}},"3":{"start":{"line":7,"column":87},"end":{"line":7,"column":102}},"4":{"start":{"line":10,"column":99},"end":{"line":10,"column":114}}},"fnMap":{"0":{"name":"(anonymous_0)","decl":{"start":{"line":3,"column":18},"end":{"line":3,"column":19}},"loc":{"start":{"line":3,"column":44},"end":{"line":23,"column":1}},"line":3},"1":{"name":"(anonymous_1)","decl":{"start":{"line":5,"column":64},"end":{"line":5,"column":65}},"loc":{"start":{"line":5,"column":75},"end":{"line":5,"column":90}},"line":5},"2":{"name":"(anonymous_2)","decl":{"start":{"line":7,"column":81},"end":{"line":7,"column":82}},"loc":{"start":{"line":7,"column":87},"end":{"line":7,"column":102}},"line":7},"3":{"name":"(anonymous_3)","decl":{"start":{"line":10,"column":93},"end":{"line":10,"column":94}},"loc":{"start":{"line":10,"column":99},"end":{"line":10,"column":114}},"line":10}},"branchMap":{},"s":{"0":4,"1":1,"2":0,"3":0,"4":0},"f":{"0":1,"1":0,"2":0,"3":0},"b":{},"_coverageSchema":"332fd63041d2c1bcb487cc26dd0d5f7d97098a6c","hash":"8302447f7b719eb3ec5850b922f8ca4cc6d36242"}}
,"/Users/oluwakunlefakorede/Desktop/FrostyFood/Food-Fast-Food/client/src/components/forms/MenuForm.jsx": {"data":{"path":"/Users/oluwakunlefakorede/Desktop/FrostyFood/Food-Fast-Food/client/src/components/forms/MenuForm.jsx","statementMap":{"0":{"start":{"line":3,"column":17},"end":{"line":23,"column":1}},"1":{"start":{"line":4,"column":2},"end":{"line":22,"column":4}}},"fnMap":{"0":{"name":"(anonymous_0)","decl":{"start":{"line":3,"column":17},"end":{"line":3,"column":18}},"loc":{"start":{"line":3,"column":23},"end":{"line":23,"column":1}},"line":3}},"branchMap":{},"s":{"0":1,"1":0},"f":{"0":0},"b":{},"_coverageSchema":"332fd63041d2c1bcb487cc26dd0d5f7d97098a6c","hash":"6a6bb8a8425e4f22dad0ea8de742322a72d50b2e"}}
,"/Users/oluwakunlefakorede/Desktop/FrostyFood/Food-Fast-Food/client/src/components/forms/SearchForm.jsx": {"data":{"path":"/Users/oluwakunlefakorede/Desktop/FrostyFood/Food-Fast-Food/client/src/components/forms/SearchForm.jsx","statementMap":{"0":{"start":{"line":3,"column":19},"end":{"line":10,"column":1}},"1":{"start":{"line":4,"column":2},"end":{"line":9,"column":5}}},"fnMap":{"0":{"name":"(anonymous_0)","decl":{"start":{"line":3,"column":19},"end":{"line":3,"column":20}},"loc":{"start":{"line":3,"column":25},"end":{"line":10,"column":1}},"line":3}},"branchMap":{},"s":{"0":2,"1":0},"f":{"0":0},"b":{},"_coverageSchema":"332fd63041d2c1bcb487cc26dd0d5f7d97098a6c","hash":"1aa6c2d4ba6f874727bc19e349137346f0a301c7"}}
,"/Users/oluwakunlefakorede/Desktop/FrostyFood/Food-Fast-Food/client/src/components/forms/SignupForm.jsx": {"data":{"path":"/Users/oluwakunlefakorede/Desktop/FrostyFood/Food-Fast-Food/client/src/components/forms/SignupForm.jsx","statementMap":{"0":{"start":{"line":3,"column":19},"end":{"line":26,"column":1}},"1":{"start":{"line":4,"column":2},"end":{"line":25,"column":3}},"2":{"start":{"line":5,"column":76},"end":{"line":5,"column":91}},"3":{"start":{"line":7,"column":98},"end":{"line":7,"column":113}},"4":{"start":{"line":10,"column":94},"end":{"line":10,"column":109}},"5":{"start":{"line":13,"column":113},"end":{"line":13,"column":128}},"6":{"start":{"line":16,"column":106},"end":{"line":16,"column":121}}},"fnMap":{"0":{"name":"(anonymous_0)","decl":{"start":{"line":3,"column":19},"end":{"line":3,"column":20}},"loc":{"start":{"line":3,"column":45},"end":{"line":26,"column":1}},"line":3},"1":{"name":"(anonymous_1)","decl":{"start":{"line":5,"column":65},"end":{"line":5,"column":66}},"loc":{"start":{"line":5,"column":76},"end":{"line":5,"column":91}},"line":5},"2":{"name":"(anonymous_2)","decl":{"start":{"line":7,"column":92},"end":{"line":7,"column":93}},"loc":{"start":{"line":7,"column":98},"end":{"line":7,"column":113}},"line":7},"3":{"name":"(anonymous_3)","decl":{"start":{"line":10,"column":88},"end":{"line":10,"column":89}},"loc":{"start":{"line":10,"column":94},"end":{"line":10,"column":109}},"line":10},"4":{"name":"(anonymous_4)","decl":{"start":{"line":13,"column":107},"end":{"line":13,"column":108}},"loc":{"start":{"line":13,"column":113},"end":{"line":13,"column":128}},"line":13},"5":{"name":"(anonymous_5)","decl":{"start":{"line":16,"column":100},"end":{"line":16,"column":101}},"loc":{"start":{"line":16,"column":106},"end":{"line":16,"column":121}},"line":16}},"branchMap":{},"s":{"0":3,"1":1,"2":0,"3":0,"4":0,"5":0,"6":0},"f":{"0":1,"1":0,"2":0,"3":0,"4":0,"5":0},"b":{},"_coverageSchema":"332fd63041d2c1bcb487cc26dd0d5f7d97098a6c","hash":"52b0c51f44d305a2734723ee822f4be6bd28de71"}}
,"/Users/oluwakunlefakorede/Desktop/FrostyFood/Food-Fast-Food/client/src/components/pages/AddFood.jsx": {"data":{"path":"/Users/oluwakunlefakorede/Desktop/FrostyFood/Food-Fast-Food/client/src/components/pages/AddFood.jsx","statementMap":{"0":{"start":{"line":6,"column":4},"end":{"line":51,"column":7}}},"fnMap":{"0":{"name":"(anonymous_0)","decl":{"start":{"line":5,"column":2},"end":{"line":5,"column":3}},"loc":{"start":{"line":5,"column":11},"end":{"line":52,"column":3}},"line":5}},"branchMap":{},"s":{"0":0},"f":{"0":0},"b":{},"_coverageSchema":"332fd63041d2c1bcb487cc26dd0d5f7d97098a6c","hash":"dea8dab3339f3408f35b4a7a9edd147cf17182ca"}}
,"/Users/oluwakunlefakorede/Desktop/FrostyFood/Food-Fast-Food/client/src/components/pages/CompletedOrderPage.jsx": {"data":{"path":"/Users/oluwakunlefakorede/Desktop/FrostyFood/Food-Fast-Food/client/src/components/pages/CompletedOrderPage.jsx","statementMap":{"0":{"start":{"line":5,"column":4},"end":{"line":37,"column":7}}},"fnMap":{"0":{"name":"(anonymous_0)","decl":{"start":{"line":4,"column":2},"end":{"line":4,"column":3}},"loc":{"start":{"line":4,"column":11},"end":{"line":38,"column":3}},"line":4}},"branchMap":{},"s":{"0":0},"f":{"0":0},"b":{},"_coverageSchema":"332fd63041d2c1bcb487cc26dd0d5f7d97098a6c","hash":"4b2affe6eaf2275e7b67da7b015ba499127995a3"}}
,"/Users/oluwakunlefakorede/Desktop/FrostyFood/Food-Fast-Food/client/src/components/pages/ConfirmOrderPage.jsx": {"data":{"path":"/Users/oluwakunlefakorede/Desktop/FrostyFood/Food-Fast-Food/client/src/components/pages/ConfirmOrderPage.jsx","statementMap":{"0":{"start":{"line":5,"column":4},"end":{"line":26,"column":7}}},"fnMap":{"0":{"name":"(anonymous_0)","decl":{"start":{"line":4,"column":2},"end":{"line":4,"column":3}},"loc":{"start":{"line":4,"column":11},"end":{"line":27,"column":3}},"line":4}},"branchMap":{},"s":{"0":0},"f":{"0":0},"b":{},"_coverageSchema":"332fd63041d2c1bcb487cc26dd0d5f7d97098a6c","hash":"097a9267270531e05c64c5bbc529d534e7a8ecc0"}}
,"/Users/oluwakunlefakorede/Desktop/FrostyFood/Food-Fast-Food/client/src/components/pages/EditFood.jsx": {"data":{"path":"/Users/oluwakunlefakorede/Desktop/FrostyFood/Food-Fast-Food/client/src/components/pages/EditFood.jsx","statementMap":{"0":{"start":{"line":6,"column":4},"end":{"line":51,"column":7}}},"fnMap":{"0":{"name":"(anonymous_0)","decl":{"start":{"line":5,"column":2},"end":{"line":5,"column":3}},"loc":{"start":{"line":5,"column":11},"end":{"line":52,"column":3}},"line":5}},"branchMap":{},"s":{"0":0},"f":{"0":0},"b":{},"_coverageSchema":"332fd63041d2c1bcb487cc26dd0d5f7d97098a6c","hash":"b20ca8d688ff57df711ef15a85eadc5e1381f31f"}}
,"/Users/oluwakunlefakorede/Desktop/FrostyFood/Food-Fast-Food/client/src/components/pages/ErrorPage.jsx": {"data":{"path":"/Users/oluwakunlefakorede/Desktop/FrostyFood/Food-Fast-Food/client/src/components/pages/ErrorPage.jsx","statementMap":{"0":{"start":{"line":3,"column":18},"end":{"line":19,"column":1}},"1":{"start":{"line":4,"column":2},"end":{"line":18,"column":5}}},"fnMap":{"0":{"name":"(anonymous_0)","decl":{"start":{"line":3,"column":18},"end":{"line":3,"column":19}},"loc":{"start":{"line":3,"column":24},"end":{"line":19,"column":1}},"line":3}},"branchMap":{},"s":{"0":1,"1":0},"f":{"0":0},"b":{},"_coverageSchema":"332fd63041d2c1bcb487cc26dd0d5f7d97098a6c","hash":"bddb724885a776ea89d4578ace77228f56e744e1"}}
,"/Users/oluwakunlefakorede/Desktop/FrostyFood/Food-Fast-Food/client/src/components/pages/Homepage.jsx": {"data":{"path":"/Users/oluwakunlefakorede/Desktop/FrostyFood/Food-Fast-Food/client/src/components/pages/Homepage.jsx","statementMap":{"0":{"start":{"line":8,"column":4},"end":{"line":47,"column":7}}},"fnMap":{"0":{"name":"(anonymous_0)","decl":{"start":{"line":7,"column":2},"end":{"line":7,"column":3}},"loc":{"start":{"line":7,"column":11},"end":{"line":48,"column":3}},"line":7}},"branchMap":{},"s":{"0":1},"f":{"0":1},"b":{},"_coverageSchema":"332fd63041d2c1bcb487cc26dd0d5f7d97098a6c","hash":"81386793dfc52c6cf63a764b3738f412dd269162"}}
,"/Users/oluwakunlefakorede/Desktop/FrostyFood/Food-Fast-Food/client/src/components/pages/LoginPage.jsx": {"data":{"path":"/Users/oluwakunlefakorede/Desktop/FrostyFood/Food-Fast-Food/client/src/components/pages/LoginPage.jsx","statementMap":{"0":{"start":{"line":15,"column":37},"end":{"line":15,"column":47}},"1":{"start":{"line":16,"column":4},"end":{"line":18,"column":5}},"2":{"start":{"line":17,"column":6},"end":{"line":17,"column":29}},"3":{"start":{"line":21,"column":4},"end":{"line":23,"column":7}},"4":{"start":{"line":26,"column":4},"end":{"line":26,"column":27}},"5":{"start":{"line":27,"column":32},"end":{"line":27,"column":42}},"6":{"start":{"line":28,"column":27},"end":{"line":28,"column":37}},"7":{"start":{"line":29,"column":20},"end":{"line":29,"column":39}},"8":{"start":{"line":30,"column":4},"end":{"line":30,"column":24}},"9":{"start":{"line":33,"column":4},"end":{"line":59,"column":6}},"10":{"start":{"line":63,"column":24},"end":{"line":65,"column":1}},"11":{"start":{"line":64,"column":2},"end":{"line":64,"column":22}}},"fnMap":{"0":{"name":"(anonymous_0)","decl":{"start":{"line":14,"column":2},"end":{"line":14,"column":3}},"loc":{"start":{"line":14,"column":23},"end":{"line":19,"column":3}},"line":14},"1":{"name":"(anonymous_1)","decl":{"start":{"line":20,"column":13},"end":{"line":20,"column":14}},"loc":{"start":{"line":20,"column":24},"end":{"line":24,"column":3}},"line":20},"2":{"name":"(anonymous_2)","decl":{"start":{"line":25,"column":14},"end":{"line":25,"column":15}},"loc":{"start":{"line":25,"column":25},"end":{"line":31,"column":3}},"line":25},"3":{"name":"(anonymous_3)","decl":{"start":{"line":32,"column":2},"end":{"line":32,"column":3}},"loc":{"start":{"line":32,"column":11},"end":{"line":60,"column":3}},"line":32},"4":{"name":"(anonymous_4)","decl":{"start":{"line":63,"column":24},"end":{"line":63,"column":25}},"loc":{"start":{"line":63,"column":43},"end":{"line":65,"column":1}},"line":63}},"branchMap":{"0":{"loc":{"start":{"line":16,"column":4},"end":{"line":18,"column":5}},"type":"if","locations":[{"start":{"line":16,"column":4},"end":{"line":18,"column":5}},{"start":{"line":16,"column":4},"end":{"line":18,"column":5}}],"line":16}},"s":{"0":2,"1":2,"2":0,"3":2,"4":1,"5":1,"6":1,"7":1,"8":1,"9":3,"10":2,"11":0},"f":{"0":2,"1":2,"2":1,"3":3,"4":0},"b":{"0":[0,2]},"_coverageSchema":"332fd63041d2c1bcb487cc26dd0d5f7d97098a6c","hash":"84ae6e712a25ecde779c1455f98a4d600b6296ac"}}
,"/Users/oluwakunlefakorede/Desktop/FrostyFood/Food-Fast-Food/client/src/components/pages/OrderHistory.jsx": {"data":{"path":"/Users/oluwakunlefakorede/Desktop/FrostyFood/Food-Fast-Food/client/src/components/pages/OrderHistory.jsx","statementMap":{"0":{"start":{"line":7,"column":4},"end":{"line":41,"column":6}}},"fnMap":{"0":{"name":"(anonymous_0)","decl":{"start":{"line":6,"column":2},"end":{"line":6,"column":3}},"loc":{"start":{"line":6,"column":11},"end":{"line":42,"column":3}},"line":6}},"branchMap":{},"s":{"0":0},"f":{"0":0},"b":{},"_coverageSchema":"332fd63041d2c1bcb487cc26dd0d5f7d97098a6c","hash":"e4952ec52bb0b1bcd6634f07bce13ee3e8556273"}}
,"/Users/oluwakunlefakorede/Desktop/FrostyFood/Food-Fast-Food/client/src/components/pages/OrderList.jsx": {"data":{"path":"/Users/oluwakunlefakorede/Desktop/FrostyFood/Food-Fast-Food/client/src/components/pages/OrderList.jsx","statementMap":{"0":{"start":{"line":5,"column":4},"end":{"line":42,"column":6}}},"fnMap":{"0":{"name":"(anonymous_0)","decl":{"start":{"line":4,"column":2},"end":{"line":4,"column":3}},"loc":{"start":{"line":4,"column":11},"end":{"line":43,"column":3}},"line":4}},"branchMap":{},"s":{"0":0},"f":{"0":0},"b":{},"_coverageSchema":"332fd63041d2c1bcb487cc26dd0d5f7d97098a6c","hash":"05ba1024305c3e583b0276046e79ebbad191f15c"}}
,"/Users/oluwakunlefakorede/Desktop/FrostyFood/Food-Fast-Food/client/src/components/pages/OrderPage.jsx": {"data":{"path":"/Users/oluwakunlefakorede/Desktop/FrostyFood/Food-Fast-Food/client/src/components/pages/OrderPage.jsx","statementMap":{"0":{"start":{"line":9,"column":4},"end":{"line":9,"column":28}},"1":{"start":{"line":12,"column":22},"end":{"line":12,"column":41}},"2":{"start":{"line":13,"column":4},"end":{"line":20,"column":7}},"3":{"start":{"line":24,"column":24},"end":{"line":29,"column":1}},"4":{"start":{"line":25,"column":2},"end":{"line":28,"column":4}}},"fnMap":{"0":{"name":"(anonymous_0)","decl":{"start":{"line":8,"column":2},"end":{"line":8,"column":3}},"loc":{"start":{"line":8,"column":22},"end":{"line":10,"column":3}},"line":8},"1":{"name":"(anonymous_1)","decl":{"start":{"line":11,"column":2},"end":{"line":11,"column":3}},"loc":{"start":{"line":11,"column":11},"end":{"line":21,"column":3}},"line":11},"2":{"name":"(anonymous_2)","decl":{"start":{"line":24,"column":24},"end":{"line":24,"column":25}},"loc":{"start":{"line":24,"column":40},"end":{"line":29,"column":1}},"line":24}},"branchMap":{},"s":{"0":1,"1":1,"2":1,"3":2,"4":0},"f":{"0":1,"1":1,"2":0},"b":{},"_coverageSchema":"332fd63041d2c1bcb487cc26dd0d5f7d97098a6c","hash":"2dd8ec9720005f24e8d36bc87e32921e173f6451"}}
,"/Users/oluwakunlefakorede/Desktop/FrostyFood/Food-Fast-Food/client/src/components/pages/SignupPage.jsx": {"data":{"path":"/Users/oluwakunlefakorede/Desktop/FrostyFood/Food-Fast-Food/client/src/components/pages/SignupPage.jsx","statementMap":{"0":{"start":{"line":17,"column":37},"end":{"line":17,"column":47}},"1":{"start":{"line":18,"column":4},"end":{"line":20,"column":5}},"2":{"start":{"line":19,"column":6},"end":{"line":19,"column":24}},"3":{"start":{"line":24,"column":4},"end":{"line":26,"column":7}},"4":{"start":{"line":29,"column":4},"end":{"line":29,"column":27}},"5":{"start":{"line":30,"column":52},"end":{"line":30,"column":62}},"6":{"start":{"line":31,"column":20},"end":{"line":31,"column":59}},"7":{"start":{"line":32,"column":4},"end":{"line":32,"column":35}},"8":{"start":{"line":35,"column":4},"end":{"line":61,"column":6}},"9":{"start":{"line":65,"column":24},"end":{"line":67,"column":1}},"10":{"start":{"line":66,"column":2},"end":{"line":66,"column":22}}},"fnMap":{"0":{"name":"(anonymous_0)","decl":{"start":{"line":16,"column":2},"end":{"line":16,"column":3}},"loc":{"start":{"line":16,"column":23},"end":{"line":21,"column":3}},"line":16},"1":{"name":"(anonymous_1)","decl":{"start":{"line":23,"column":13},"end":{"line":23,"column":14}},"loc":{"start":{"line":23,"column":24},"end":{"line":27,"column":3}},"line":23},"2":{"name":"(anonymous_2)","decl":{"start":{"line":28,"column":15},"end":{"line":28,"column":16}},"loc":{"start":{"line":28,"column":26},"end":{"line":33,"column":3}},"line":28},"3":{"name":"(anonymous_3)","decl":{"start":{"line":34,"column":2},"end":{"line":34,"column":3}},"loc":{"start":{"line":34,"column":11},"end":{"line":62,"column":3}},"line":34},"4":{"name":"(anonymous_4)","decl":{"start":{"line":65,"column":24},"end":{"line":65,"column":25}},"loc":{"start":{"line":65,"column":43},"end":{"line":67,"column":1}},"line":65}},"branchMap":{"0":{"loc":{"start":{"line":18,"column":4},"end":{"line":20,"column":5}},"type":"if","locations":[{"start":{"line":18,"column":4},"end":{"line":20,"column":5}},{"start":{"line":18,"column":4},"end":{"line":20,"column":5}}],"line":18}},"s":{"0":4,"1":4,"2":0,"3":4,"4":1,"5":1,"6":1,"7":1,"8":5,"9":2,"10":0},"f":{"0":4,"1":4,"2":1,"3":5,"4":0},"b":{"0":[0,4]},"_coverageSchema":"332fd63041d2c1bcb487cc26dd0d5f7d97098a6c","hash":"88d973df97f8bfc3b898a57dbac591c96048be39"}}
,"/Users/oluwakunlefakorede/Desktop/FrostyFood/Food-Fast-Food/client/src/helpers/getStorage.js": {"data":{"path":"/Users/oluwakunlefakorede/Desktop/FrostyFood/Food-Fast-Food/client/src/helpers/getStorage.js","statementMap":{"0":{"start":{"line":1,"column":19},"end":{"line":1,"column":51}},"1":{"start":{"line":1,"column":26},"end":{"line":1,"column":51}}},"fnMap":{"0":{"name":"(anonymous_0)","decl":{"start":{"line":1,"column":19},"end":{"line":1,"column":20}},"loc":{"start":{"line":1,"column":26},"end":{"line":1,"column":51}},"line":1}},"branchMap":{},"s":{"0":3,"1":3},"f":{"0":3},"b":{},"_coverageSchema":"332fd63041d2c1bcb487cc26dd0d5f7d97098a6c","hash":"147f493c3e56f1860c7dc31eb7370ee2b273c717"}}
,"/Users/oluwakunlefakorede/Desktop/FrostyFood/Food-Fast-Food/client/src/helpers/setStorage.js": {"data":{"path":"/Users/oluwakunlefakorede/Desktop/FrostyFood/Food-Fast-Food/client/src/helpers/setStorage.js","statementMap":{"0":{"start":{"line":1,"column":19},"end":{"line":1,"column":67}},"1":{"start":{"line":1,"column":35},"end":{"line":1,"column":67}}},"fnMap":{"0":{"name":"(anonymous_0)","decl":{"start":{"line":1,"column":19},"end":{"line":1,"column":20}},"loc":{"start":{"line":1,"column":35},"end":{"line":1,"column":67}},"line":1}},"branchMap":{},"s":{"0":6,"1":2},"f":{"0":2},"b":{},"_coverageSchema":"332fd63041d2c1bcb487cc26dd0d5f7d97098a6c","hash":"32c082397536f76dfd1490566b9a232736b72f3f"}}
,"/Users/oluwakunlefakorede/Desktop/FrostyFood/Food-Fast-Food/client/src/reducers/index.js": {"path":"/Users/oluwakunlefakorede/Desktop/FrostyFood/Food-Fast-Food/client/src/reducers/index.js","statementMap":{"0":{"start":{"line":1,"column":0},"end":{"line":null,"column":-1}},"1":{"start":{"line":2,"column":0},"end":{"line":null,"column":-1}},"2":{"start":{"line":3,"column":0},"end":{"line":null,"column":-1}},"3":{"start":{"line":5,"column":20},"end":{"line":5,"column":0}}},"fnMap":{},"branchMap":{},"s":{"0":0,"1":0,"2":0,"3":0},"f":{},"b":{}}
,"/Users/oluwakunlefakorede/Desktop/FrostyFood/Food-Fast-Food/client/src/reducers/menuReducer.js": {"data":{"path":"/Users/oluwakunlefakorede/Desktop/FrostyFood/Food-Fast-Food/client/src/reducers/menuReducer.js","statementMap":{"0":{"start":{"line":1,"column":18},"end":{"line":4,"column":1}},"1":{"start":{"line":6,"column":20},"end":{"line":28,"column":1}},"2":{"start":{"line":7,"column":2},"end":{"line":27,"column":3}},"3":{"start":{"line":9,"column":6},"end":{"line":12,"column":8}},"4":{"start":{"line":14,"column":4},"end":{"line":18,"column":6}},"5":{"start":{"line":20,"column":4},"end":{"line":24,"column":6}},"6":{"start":{"line":26,"column":5},"end":{"line":26,"column":18}}},"fnMap":{"0":{"name":"(anonymous_0)","decl":{"start":{"line":6,"column":20},"end":{"line":6,"column":21}},"loc":{"start":{"line":6,"column":51},"end":{"line":28,"column":1}},"line":6}},"branchMap":{"0":{"loc":{"start":{"line":6,"column":21},"end":{"line":6,"column":38}},"type":"default-arg","locations":[{"start":{"line":6,"column":29},"end":{"line":6,"column":38}}],"line":6},"1":{"loc":{"start":{"line":7,"column":2},"end":{"line":27,"column":3}},"type":"switch","locations":[{"start":{"line":8,"column":4},"end":{"line":12,"column":8}},{"start":{"line":13,"column":4},"end":{"line":18,"column":6}},{"start":{"line":19,"column":4},"end":{"line":24,"column":6}},{"start":{"line":25,"column":4},"end":{"line":26,"column":18}}],"line":7}},"s":{"0":1,"1":1,"2":3,"3":1,"4":1,"5":1,"6":0},"f":{"0":3},"b":{"0":[2],"1":[1,1,1,0]},"_coverageSchema":"332fd63041d2c1bcb487cc26dd0d5f7d97098a6c","hash":"a4bf0ca4a100a29ac6afeb2c3e10cf034e676452"}}
,"/Users/oluwakunlefakorede/Desktop/FrostyFood/Food-Fast-Food/client/src/reducers/userReducer.js": {"data":{"path":"/Users/oluwakunlefakorede/Desktop/FrostyFood/Food-Fast-Food/client/src/reducers/userReducer.js","statementMap":{"0":{"start":{"line":1,"column":18},"end":{"line":5,"column":1}},"1":{"start":{"line":7,"column":21},"end":{"line":38,"column":1}},"2":{"start":{"line":8,"column":2},"end":{"line":37,"column":3}},"3":{"start":{"line":10,"column":6},"end":{"line":15,"column":8}},"4":{"start":{"line":17,"column":6},"end":{"line":22,"column":8}},"5":{"start":{"line":24,"column":4},"end":{"line":28,"column":6}},"6":{"start":{"line":30,"column":4},"end":{"line":34,"column":6}},"7":{"start":{"line":36,"column":5},"end":{"line":36,"column":18}}},"fnMap":{"0":{"name":"(anonymous_0)","decl":{"start":{"line":7,"column":21},"end":{"line":7,"column":22}},"loc":{"start":{"line":7,"column":52},"end":{"line":38,"column":1}},"line":7}},"branchMap":{"0":{"loc":{"start":{"line":7,"column":22},"end":{"line":7,"column":39}},"type":"default-arg","locations":[{"start":{"line":7,"column":30},"end":{"line":7,"column":39}}],"line":7},"1":{"loc":{"start":{"line":8,"column":2},"end":{"line":37,"column":3}},"type":"switch","locations":[{"start":{"line":9,"column":4},"end":{"line":15,"column":8}},{"start":{"line":16,"column":4},"end":{"line":22,"column":8}},{"start":{"line":23,"column":4},"end":{"line":28,"column":6}},{"start":{"line":29,"column":4},"end":{"line":34,"column":6}},{"start":{"line":35,"column":4},"end":{"line":36,"column":18}}],"line":8}},"s":{"0":1,"1":1,"2":4,"3":1,"4":1,"5":1,"6":1,"7":0},"f":{"0":4},"b":{"0":[2],"1":[1,1,1,1,0]},"_coverageSchema":"332fd63041d2c1bcb487cc26dd0d5f7d97098a6c","hash":"e82dd58bcae00fbf2bd74d299d0128dc2aa5c877"}}
,"/Users/oluwakunlefakorede/Desktop/FrostyFood/Food-Fast-Food/client/src/store/index.js": {"path":"/Users/oluwakunlefakorede/Desktop/FrostyFood/Food-Fast-Food/client/src/store/index.js","statementMap":{"0":{"start":{"line":1,"column":0},"end":{"line":null,"column":-1}},"1":{"start":{"line":2,"column":0},"end":{"line":null,"column":-1}},"2":{"start":{"line":3,"column":0},"end":{"line":null,"column":-1}},"3":{"start":{"line":5,"column":19},"end":{"line":5,"column":0}},"4":{"start":{"line":6,"column":25},"end":{"line":6,"column":0}},"5":{"start":{"line":8,"column":14},"end":{"line":8,"column":0}}},"fnMap":{},"branchMap":{"0":{"loc":{"start":{"line":6,"column":25},"end":{"line":6,"column":24}},"type":"binary-expr","locations":[{"start":{"line":6,"column":25},"end":{"line":6,"column":24}},{"start":{"line":6,"column":72},"end":{"line":6,"column":0}}]}},"s":{"0":0,"1":0,"2":0,"3":0,"4":0,"5":0},"f":{},"b":{"0":[0,0]}}
}
