TN:
SF:/Users/oluwakunlefakorede/Desktop/FrostyFood/Food-Fast-Food/client/src/app.js
FN:19,(anonymous_0)
FNF:1
FNH:1
FNDA:1,(anonymous_0)
DA:20,1
LF:1
LH:1
BRF:0
BRH:0
end_of_record
TN:
SF:/Users/oluwakunlefakorede/Desktop/FrostyFood/Food-Fast-Food/client/src/const.js
FNF:0
FNH:0
DA:2,6
LF:1
LH:1
BRF:0
BRH:0
end_of_record
TN:
SF:/Users/oluwakunlefakorede/Desktop/FrostyFood/Food-Fast-Food/client/src/index.js
FNF:0
FNH:0
DA:1,0
DA:2,0
DA:3,0
DA:4,0
DA:5,0
DA:7,0
LF:6
LH:0
BRF:0
BRH:0
end_of_record
TN:
SF:/Users/oluwakunlefakorede/Desktop/FrostyFood/Food-Fast-Food/client/src/actions/menuAction.js
FN:7,(anonymous_0)
FN:8,(anonymous_1)
FN:12,(anonymous_2)
FN:12,(anonymous_3)
FN:16,(anonymous_4)
FN:20,(anonymous_5)
FNF:6
FNH:6
FNDA:1,(anonymous_0)
FNDA:1,(anonymous_1)
FNDA:2,(anonymous_2)
FNDA:2,(anonymous_3)
FNDA:1,(anonymous_4)
FNDA:1,(anonymous_5)
DA:7,3
DA:8,3
DA:9,3
DA:12,3
DA:13,2
DA:14,2
DA:15,2
DA:17,1
DA:18,1
DA:21,1
DA:22,1
LF:11
LH:11
BRF:0
BRH:0
end_of_record
TN:
SF:/Users/oluwakunlefakorede/Desktop/FrostyFood/Food-Fast-Food/client/src/actions/types.js
FNF:0
FNH:0
DA:1,8
DA:2,8
DA:3,8
DA:4,8
DA:5,8
DA:6,8
LF:6
LH:6
BRF:0
BRH:0
end_of_record
TN:
SF:/Users/oluwakunlefakorede/Desktop/FrostyFood/Food-Fast-Food/client/src/actions/userAction.js
FN:8,(anonymous_0)
FN:9,(anonymous_1)
FN:10,(anonymous_2)
FN:11,(anonymous_3)
FN:13,(anonymous_4)
FN:13,(anonymous_5)
FN:16,(anonymous_6)
FN:22,(anonymous_7)
FN:28,(anonymous_8)
FN:28,(anonymous_9)
FN:31,(anonymous_10)
FN:37,(anonymous_11)
FNF:12
FNH:12
FNDA:1,(anonymous_0)
FNDA:1,(anonymous_1)
FNDA:12,(anonymous_2)
FNDA:2,(anonymous_3)
FNDA:2,(anonymous_4)
FNDA:2,(anonymous_5)
FNDA:1,(anonymous_6)
FNDA:1,(anonymous_7)
FNDA:2,(anonymous_8)
FNDA:2,(anonymous_9)
FNDA:1,(anonymous_10)
FNDA:1,(anonymous_11)
DA:8,6
DA:9,6
DA:10,12
DA:11,6
DA:13,6
DA:14,2
DA:15,2
DA:17,1
DA:18,1
DA:19,1
DA:20,1
DA:23,1
DA:24,1
DA:28,6
DA:29,2
DA:30,2
DA:32,1
DA:33,1
DA:34,1
DA:35,1
DA:38,1
DA:39,1
LF:22
LH:22
BRF:0
BRH:0
end_of_record
TN:
SF:/Users/oluwakunlefakorede/Desktop/FrostyFood/Food-Fast-Food/client/src/components/common/Main.jsx
FN:3,(anonymous_0)
FNF:1
FNH:0
FNDA:0,(anonymous_0)
DA:3,2
DA:4,0
LF:2
LH:1
BRF:0
BRH:0
end_of_record
TN:
SF:/Users/oluwakunlefakorede/Desktop/FrostyFood/Food-Fast-Food/client/src/components/common/MainBar.jsx
FN:8,(anonymous_0)
FNF:1
FNH:0
FNDA:0,(anonymous_0)
DA:8,2
DA:9,0
LF:2
LH:1
BRF:0
BRH:0
end_of_record
TN:
SF:/Users/oluwakunlefakorede/Desktop/FrostyFood/Food-Fast-Food/client/src/components/common/MenuList.jsx
FN:3,(anonymous_0)
FNF:1
FNH:0
FNDA:0,(anonymous_0)
DA:3,2
DA:4,0
DA:5,0
LF:3
LH:1
BRF:0
BRH:0
end_of_record
TN:
SF:/Users/oluwakunlefakorede/Desktop/FrostyFood/Food-Fast-Food/client/src/components/common/MenuTitle.jsx
FN:5,(anonymous_0)
FN:21,(anonymous_1)
FNF:2
FNH:0
FNDA:0,(anonymous_0)
FNDA:0,(anonymous_1)
DA:5,2
DA:6,0
DA:22,0
LF:3
LH:1
BRDA:21,0,0,0
BRDA:21,0,1,0
BRF:2
BRH:0
end_of_record
TN:
SF:/Users/oluwakunlefakorede/Desktop/FrostyFood/Food-Fast-Food/client/src/components/common/SearchFood.jsx
FN:4,(anonymous_0)
FNF:1
FNH:0
FNDA:0,(anonymous_0)
DA:4,2
DA:5,0
LF:2
LH:1
BRF:0
BRH:0
end_of_record
TN:
SF:/Users/oluwakunlefakorede/Desktop/FrostyFood/Food-Fast-Food/client/src/components/common/SideBar.jsx
FN:3,(anonymous_0)
FNF:1
FNH:0
FNDA:0,(anonymous_0)
DA:3,2
DA:4,0
LF:2
LH:1
BRF:0
BRH:0
end_of_record
TN:
SF:/Users/oluwakunlefakorede/Desktop/FrostyFood/Food-Fast-Food/client/src/components/common/Spinner.jsx
FN:3,(anonymous_0)
FNF:1
FNH:0
FNDA:0,(anonymous_0)
DA:3,2
LF:1
LH:1
BRF:0
BRH:0
end_of_record
TN:
SF:/Users/oluwakunlefakorede/Desktop/FrostyFood/Food-Fast-Food/client/src/components/forms/LoginForm.jsx
FN:3,(anonymous_0)
FN:5,(anonymous_1)
FN:7,(anonymous_2)
FN:10,(anonymous_3)
FNF:4
FNH:1
FNDA:1,(anonymous_0)
FNDA:0,(anonymous_1)
FNDA:0,(anonymous_2)
FNDA:0,(anonymous_3)
DA:3,4
DA:4,1
DA:5,0
DA:7,0
DA:10,0
LF:5
LH:2
BRF:0
BRH:0
end_of_record
TN:
SF:/Users/oluwakunlefakorede/Desktop/FrostyFood/Food-Fast-Food/client/src/components/forms/MenuForm.jsx
FN:3,(anonymous_0)
FNF:1
FNH:0
FNDA:0,(anonymous_0)
DA:3,1
DA:4,0
LF:2
LH:1
BRF:0
BRH:0
end_of_record
TN:
SF:/Users/oluwakunlefakorede/Desktop/FrostyFood/Food-Fast-Food/client/src/components/forms/SearchForm.jsx
FN:3,(anonymous_0)
FNF:1
FNH:0
FNDA:0,(anonymous_0)
DA:3,2
DA:4,0
LF:2
LH:1
BRF:0
BRH:0
end_of_record
TN:
SF:/Users/oluwakunlefakorede/Desktop/FrostyFood/Food-Fast-Food/client/src/components/forms/SignupForm.jsx
FN:3,(anonymous_0)
FN:5,(anonymous_1)
FN:7,(anonymous_2)
FN:10,(anonymous_3)
FN:13,(anonymous_4)
FN:16,(anonymous_5)
FNF:6
FNH:1
FNDA:1,(anonymous_0)
FNDA:0,(anonymous_1)
FNDA:0,(anonymous_2)
FNDA:0,(anonymous_3)
FNDA:0,(anonymous_4)
FNDA:0,(anonymous_5)
DA:3,3
DA:4,1
DA:5,0
DA:7,0
DA:10,0
DA:13,0
DA:16,0
LF:7
LH:2
BRF:0
BRH:0
end_of_record
TN:
SF:/Users/oluwakunlefakorede/Desktop/FrostyFood/Food-Fast-Food/client/src/components/pages/AddFood.jsx
FN:5,(anonymous_0)
FNF:1
FNH:0
FNDA:0,(anonymous_0)
DA:6,0
LF:1
LH:0
BRF:0
BRH:0
end_of_record
TN:
SF:/Users/oluwakunlefakorede/Desktop/FrostyFood/Food-Fast-Food/client/src/components/pages/CompletedOrderPage.jsx
FN:4,(anonymous_0)
FNF:1
FNH:0
FNDA:0,(anonymous_0)
DA:5,0
LF:1
LH:0
BRF:0
BRH:0
end_of_record
TN:
SF:/Users/oluwakunlefakorede/Desktop/FrostyFood/Food-Fast-Food/client/src/components/pages/ConfirmOrderPage.jsx
FN:4,(anonymous_0)
FNF:1
FNH:0
FNDA:0,(anonymous_0)
DA:5,0
LF:1
LH:0
BRF:0
BRH:0
end_of_record
TN:
SF:/Users/oluwakunlefakorede/Desktop/FrostyFood/Food-Fast-Food/client/src/components/pages/EditFood.jsx
FN:5,(anonymous_0)
FNF:1
FNH:0
FNDA:0,(anonymous_0)
DA:6,0
LF:1
LH:0
BRF:0
BRH:0
end_of_record
TN:
SF:/Users/oluwakunlefakorede/Desktop/FrostyFood/Food-Fast-Food/client/src/components/pages/ErrorPage.jsx
FN:3,(anonymous_0)
FNF:1
FNH:0
FNDA:0,(anonymous_0)
DA:3,1
DA:4,0
LF:2
LH:1
BRF:0
BRH:0
end_of_record
TN:
SF:/Users/oluwakunlefakorede/Desktop/FrostyFood/Food-Fast-Food/client/src/components/pages/Homepage.jsx
FN:7,(anonymous_0)
FNF:1
FNH:1
FNDA:1,(anonymous_0)
DA:8,1
LF:1
LH:1
BRF:0
BRH:0
end_of_record
TN:
SF:/Users/oluwakunlefakorede/Desktop/FrostyFood/Food-Fast-Food/client/src/components/pages/LoginPage.jsx
FN:14,(anonymous_0)
FN:20,(anonymous_1)
FN:25,(anonymous_2)
FN:32,(anonymous_3)
FN:63,(anonymous_4)
FNF:5
FNH:4
FNDA:2,(anonymous_0)
FNDA:2,(anonymous_1)
FNDA:1,(anonymous_2)
FNDA:3,(anonymous_3)
FNDA:0,(anonymous_4)
DA:15,2
DA:16,2
DA:17,0
DA:21,2
DA:26,1
DA:27,1
DA:28,1
DA:29,1
DA:30,1
DA:33,3
DA:63,2
DA:64,0
LF:12
LH:10
BRDA:16,0,0,0
BRDA:16,0,1,2
BRF:2
BRH:1
end_of_record
TN:
SF:/Users/oluwakunlefakorede/Desktop/FrostyFood/Food-Fast-Food/client/src/components/pages/OrderHistory.jsx
FN:6,(anonymous_0)
FNF:1
FNH:0
FNDA:0,(anonymous_0)
DA:7,0
LF:1
LH:0
BRF:0
BRH:0
end_of_record
TN:
SF:/Users/oluwakunlefakorede/Desktop/FrostyFood/Food-Fast-Food/client/src/components/pages/OrderList.jsx
FN:4,(anonymous_0)
FNF:1
FNH:0
FNDA:0,(anonymous_0)
DA:5,0
LF:1
LH:0
BRF:0
BRH:0
end_of_record
TN:
SF:/Users/oluwakunlefakorede/Desktop/FrostyFood/Food-Fast-Food/client/src/components/pages/OrderPage.jsx
FN:8,(anonymous_0)
FN:11,(anonymous_1)
FN:24,(anonymous_2)
FNF:3
FNH:2
FNDA:1,(anonymous_0)
FNDA:1,(anonymous_1)
FNDA:0,(anonymous_2)
DA:9,1
DA:12,1
DA:13,1
DA:24,2
DA:25,0
LF:5
LH:4
BRF:0
BRH:0
end_of_record
TN:
SF:/Users/oluwakunlefakorede/Desktop/FrostyFood/Food-Fast-Food/client/src/components/pages/SignupPage.jsx
FN:16,(anonymous_0)
FN:23,(anonymous_1)
FN:28,(anonymous_2)
FN:34,(anonymous_3)
FN:65,(anonymous_4)
FNF:5
FNH:4
FNDA:4,(anonymous_0)
FNDA:4,(anonymous_1)
FNDA:1,(anonymous_2)
FNDA:5,(anonymous_3)
FNDA:0,(anonymous_4)
DA:17,4
DA:18,4
DA:19,0
DA:24,4
DA:29,1
DA:30,1
DA:31,1
DA:32,1
DA:35,5
DA:65,2
DA:66,0
LF:11
LH:9
BRDA:18,0,0,0
BRDA:18,0,1,4
BRF:2
BRH:1
end_of_record
TN:
SF:/Users/oluwakunlefakorede/Desktop/FrostyFood/Food-Fast-Food/client/src/helpers/getStorage.js
FN:1,(anonymous_0)
FNF:1
FNH:1
FNDA:3,(anonymous_0)
DA:1,3
LF:1
LH:1
BRF:0
BRH:0
end_of_record
TN:
SF:/Users/oluwakunlefakorede/Desktop/FrostyFood/Food-Fast-Food/client/src/helpers/setStorage.js
FN:1,(anonymous_0)
FNF:1
FNH:1
FNDA:2,(anonymous_0)
DA:1,6
LF:1
LH:1
BRF:0
BRH:0
end_of_record
TN:
SF:/Users/oluwakunlefakorede/Desktop/FrostyFood/Food-Fast-Food/client/src/reducers/index.js
FNF:0
FNH:0
DA:1,0
DA:2,0
DA:3,0
DA:5,0
LF:4
LH:0
BRF:0
BRH:0
end_of_record
TN:
SF:/Users/oluwakunlefakorede/Desktop/FrostyFood/Food-Fast-Food/client/src/reducers/menuReducer.js
FN:6,(anonymous_0)
FNF:1
FNH:1
FNDA:3,(anonymous_0)
DA:1,1
DA:6,1
DA:7,3
DA:9,1
DA:14,1
DA:20,1
DA:26,0
LF:7
LH:6
BRDA:6,0,0,2
BRDA:7,1,0,1
BRDA:7,1,1,1
BRDA:7,1,2,1
BRDA:7,1,3,0
BRF:5
BRH:4
end_of_record
TN:
SF:/Users/oluwakunlefakorede/Desktop/FrostyFood/Food-Fast-Food/client/src/reducers/userReducer.js
FN:7,(anonymous_0)
FNF:1
FNH:1
FNDA:4,(anonymous_0)
DA:1,1
DA:7,1
DA:8,4
DA:10,1
DA:17,1
DA:24,1
DA:30,1
DA:36,0
LF:8
LH:7
BRDA:7,0,0,2
BRDA:8,1,0,1
BRDA:8,1,1,1
BRDA:8,1,2,1
BRDA:8,1,3,1
BRDA:8,1,4,0
BRF:6
BRH:5
end_of_record
TN:
SF:/Users/oluwakunlefakorede/Desktop/FrostyFood/Food-Fast-Food/client/src/store/index.js
FNF:0
FNH:0
DA:1,0
DA:2,0
DA:3,0
DA:5,0
DA:6,0
DA:8,0
LF:6
LH:0
BRDA:6,0,0,0
BRDA:6,0,1,0
BRF:2
BRH:0
end_of_record
