TN:
SF:/Users/oluwakunlefakorede/Desktop/FrostyFood/Food-Fast-Food/client/src/App.js
FN:18,(anonymous_0)
FNF:1
FNH:1
FNDA:1,(anonymous_0)
DA:19,1
LF:1
LH:1
BRF:0
BRH:0
end_of_record
TN:
SF:/Users/oluwakunlefakorede/Desktop/FrostyFood/Food-Fast-Food/client/src/const.js
FNF:0
FNH:0
DA:2,10
LF:1
LH:1
BRF:0
BRH:0
end_of_record
TN:
SF:/Users/oluwakunlefakorede/Desktop/FrostyFood/Food-Fast-Food/client/src/index.js
FNF:0
FNH:0
DA:1,0
DA:2,0
DA:3,0
DA:4,0
DA:5,0
DA:7,0
LF:6
LH:0
BRF:0
BRH:0
end_of_record
TN:
SF:/Users/oluwakunlefakorede/Desktop/FrostyFood/Food-Fast-Food/client/src/actions/menuAction.js
FN:7,(anonymous_0)
FN:8,(anonymous_1)
FN:9,(anonymous_2)
FN:12,(anonymous_3)
FN:12,(anonymous_4)
FN:17,(anonymous_5)
FN:21,(anonymous_6)
FN:27,(anonymous_7)
FN:27,(anonymous_8)
FN:33,(anonymous_9)
FN:37,(anonymous_10)
FNF:11
FNH:8
FNDA:1,(anonymous_0)
FNDA:0,(anonymous_1)
FNDA:1,(anonymous_2)
FNDA:2,(anonymous_3)
FNDA:2,(anonymous_4)
FNDA:1,(anonymous_5)
FNDA:1,(anonymous_6)
FNDA:2,(anonymous_7)
FNDA:2,(anonymous_8)
FNDA:0,(anonymous_9)
FNDA:0,(anonymous_10)
DA:7,4
DA:8,4
DA:9,4
DA:12,4
DA:13,2
DA:14,2
DA:15,2
DA:16,2
DA:18,1
DA:19,1
DA:22,1
DA:23,1
DA:27,4
DA:28,2
DA:29,2
DA:30,2
DA:31,2
DA:32,2
DA:34,0
DA:35,0
DA:38,0
DA:39,0
LF:22
LH:18
BRF:0
BRH:0
end_of_record
TN:
SF:/Users/oluwakunlefakorede/Desktop/FrostyFood/Food-Fast-Food/client/src/actions/orderAction.js
FN:8,(anonymous_0)
FN:9,(anonymous_1)
FN:10,(anonymous_2)
FN:11,(anonymous_3)
FN:12,(anonymous_4)
FN:16,(anonymous_5)
FN:16,(anonymous_6)
FN:21,(anonymous_7)
FN:26,(anonymous_8)
FN:32,(anonymous_9)
FN:32,(anonymous_10)
FN:37,(anonymous_11)
FN:41,(anonymous_12)
FN:47,(anonymous_13)
FN:47,(anonymous_14)
FN:53,(anonymous_15)
FN:57,(anonymous_16)
FN:63,(anonymous_17)
FN:63,(anonymous_18)
FN:69,(anonymous_19)
FN:74,(anonymous_20)
FNF:21
FNH:8
FNDA:0,(anonymous_0)
FNDA:0,(anonymous_1)
FNDA:0,(anonymous_2)
FNDA:0,(anonymous_3)
FNDA:0,(anonymous_4)
FNDA:2,(anonymous_5)
FNDA:2,(anonymous_6)
FNDA:0,(anonymous_7)
FNDA:0,(anonymous_8)
FNDA:2,(anonymous_9)
FNDA:2,(anonymous_10)
FNDA:0,(anonymous_11)
FNDA:0,(anonymous_12)
FNDA:2,(anonymous_13)
FNDA:2,(anonymous_14)
FNDA:0,(anonymous_15)
FNDA:0,(anonymous_16)
FNDA:2,(anonymous_17)
FNDA:2,(anonymous_18)
FNDA:0,(anonymous_19)
FNDA:0,(anonymous_20)
DA:8,5
DA:9,5
DA:10,5
DA:11,5
DA:12,5
DA:16,5
DA:17,2
DA:18,2
DA:19,2
DA:20,2
DA:22,0
DA:23,0
DA:24,0
DA:27,0
DA:28,0
DA:32,5
DA:33,2
DA:34,2
DA:35,2
DA:36,2
DA:38,0
DA:39,0
DA:42,0
DA:43,0
DA:47,5
DA:48,2
DA:49,2
DA:50,2
DA:51,2
DA:52,2
DA:54,0
DA:55,0
DA:58,0
DA:59,0
DA:63,5
DA:64,2
DA:65,2
DA:66,2
DA:67,2
DA:68,2
DA:70,0
DA:71,0
DA:72,0
DA:75,0
DA:76,0
LF:45
LH:27
BRF:0
BRH:0
end_of_record
TN:
SF:/Users/oluwakunlefakorede/Desktop/FrostyFood/Food-Fast-Food/client/src/actions/types.js
FNF:0
FNH:0
DA:1,13
DA:2,13
DA:3,13
DA:4,13
DA:5,13
DA:6,13
DA:7,13
DA:8,13
DA:9,13
DA:10,13
DA:11,13
DA:12,13
LF:12
LH:12
BRF:0
BRH:0
end_of_record
TN:
SF:/Users/oluwakunlefakorede/Desktop/FrostyFood/Food-Fast-Food/client/src/actions/userAction.js
FN:8,(anonymous_0)
FN:9,(anonymous_1)
FN:10,(anonymous_2)
FN:11,(anonymous_3)
FN:13,(anonymous_4)
FN:13,(anonymous_5)
FN:16,(anonymous_6)
FN:22,(anonymous_7)
FN:28,(anonymous_8)
FN:28,(anonymous_9)
FN:31,(anonymous_10)
FN:37,(anonymous_11)
FNF:12
FNH:12
FNDA:1,(anonymous_0)
FNDA:1,(anonymous_1)
FNDA:22,(anonymous_2)
FNDA:2,(anonymous_3)
FNDA:2,(anonymous_4)
FNDA:2,(anonymous_5)
FNDA:1,(anonymous_6)
FNDA:1,(anonymous_7)
FNDA:2,(anonymous_8)
FNDA:2,(anonymous_9)
FNDA:1,(anonymous_10)
FNDA:1,(anonymous_11)
DA:8,10
DA:9,10
DA:10,22
DA:11,10
DA:13,10
DA:14,2
DA:15,2
DA:17,1
DA:18,1
DA:19,1
DA:20,1
DA:23,1
DA:24,1
DA:28,10
DA:29,2
DA:30,2
DA:32,1
DA:33,1
DA:34,1
DA:35,1
DA:38,1
DA:39,1
LF:22
LH:22
BRF:0
BRH:0
end_of_record
TN:
SF:/Users/oluwakunlefakorede/Desktop/FrostyFood/Food-Fast-Food/client/src/components/common/FlexContainer.jsx
FN:3,(anonymous_0)
FNF:1
FNH:1
FNDA:1,(anonymous_0)
DA:3,3
DA:4,1
LF:2
LH:2
BRF:0
BRH:0
end_of_record
TN:
SF:/Users/oluwakunlefakorede/Desktop/FrostyFood/Food-Fast-Food/client/src/components/common/Footer.jsx
FN:3,(anonymous_0)
FNF:1
FNH:1
FNDA:1,(anonymous_0)
DA:3,2
DA:4,1
LF:2
LH:2
BRF:0
BRH:0
end_of_record
TN:
SF:/Users/oluwakunlefakorede/Desktop/FrostyFood/Food-Fast-Food/client/src/components/common/HistoryList.jsx
FN:3,(anonymous_0)
FN:9,(anonymous_1)
FNF:2
FNH:1
FNDA:1,(anonymous_0)
FNDA:0,(anonymous_1)
DA:3,3
DA:4,1
DA:5,1
DA:9,0
LF:4
LH:3
BRF:0
BRH:0
end_of_record
TN:
SF:/Users/oluwakunlefakorede/Desktop/FrostyFood/Food-Fast-Food/client/src/components/common/Main.jsx
FN:3,(anonymous_0)
FNF:1
FNH:1
FNDA:1,(anonymous_0)
DA:3,5
DA:4,1
LF:2
LH:2
BRF:0
BRH:0
end_of_record
TN:
SF:/Users/oluwakunlefakorede/Desktop/FrostyFood/Food-Fast-Food/client/src/components/common/MainBar.jsx
FN:8,(anonymous_0)
FNF:1
FNH:1
FNDA:1,(anonymous_0)
DA:8,3
DA:9,1
LF:2
LH:2
BRF:0
BRH:0
end_of_record
TN:
SF:/Users/oluwakunlefakorede/Desktop/FrostyFood/Food-Fast-Food/client/src/components/common/MenuList.jsx
FN:3,(anonymous_0)
FN:15,(anonymous_1)
FNF:2
FNH:1
FNDA:1,(anonymous_0)
FNDA:0,(anonymous_1)
DA:3,5
DA:4,1
DA:5,1
DA:15,0
LF:4
LH:3
BRF:0
BRH:0
end_of_record
TN:
SF:/Users/oluwakunlefakorede/Desktop/FrostyFood/Food-Fast-Food/client/src/components/common/MenuTitle.jsx
FN:5,(anonymous_0)
FN:20,(anonymous_1)
FNF:2
FNH:2
FNDA:2,(anonymous_0)
FNDA:1,(anonymous_1)
DA:5,4
DA:6,2
DA:21,1
LF:3
LH:3
BRDA:20,0,0,1
BRDA:20,0,1,1
BRDA:20,1,0,2
BRDA:20,1,1,1
BRF:4
BRH:4
end_of_record
TN:
SF:/Users/oluwakunlefakorede/Desktop/FrostyFood/Food-Fast-Food/client/src/components/common/NavBar.jsx
FN:7,(anonymous_0)
FN:10,(anonymous_1)
FN:35,(anonymous_2)
FNF:3
FNH:2
FNDA:1,(anonymous_0)
FNDA:2,(anonymous_1)
FNDA:0,(anonymous_2)
DA:8,1
DA:11,2
DA:12,2
DA:35,2
DA:36,0
LF:5
LH:4
BRDA:21,0,0,1
BRDA:21,0,1,1
BRF:2
BRH:2
end_of_record
TN:
SF:/Users/oluwakunlefakorede/Desktop/FrostyFood/Food-Fast-Food/client/src/components/common/SearchFood.jsx
FN:4,(anonymous_0)
FNF:1
FNH:1
FNDA:1,(anonymous_0)
DA:4,4
DA:5,1
LF:2
LH:2
BRF:0
BRH:0
end_of_record
TN:
SF:/Users/oluwakunlefakorede/Desktop/FrostyFood/Food-Fast-Food/client/src/components/common/SideBar.jsx
FN:4,(anonymous_0)
FNF:1
FNH:1
FNDA:1,(anonymous_0)
DA:4,4
DA:5,1
LF:2
LH:2
BRF:0
BRH:0
end_of_record
TN:
SF:/Users/oluwakunlefakorede/Desktop/FrostyFood/Food-Fast-Food/client/src/components/common/Spinner.jsx
FN:3,(anonymous_0)
FNF:1
FNH:1
FNDA:1,(anonymous_0)
DA:3,8
LF:1
LH:1
BRF:0
BRH:0
end_of_record
TN:
SF:/Users/oluwakunlefakorede/Desktop/FrostyFood/Food-Fast-Food/client/src/components/forms/LoginForm.jsx
FN:4,(anonymous_0)
FN:6,(anonymous_1)
FN:8,(anonymous_2)
FN:11,(anonymous_3)
FNF:4
FNH:4
FNDA:1,(anonymous_0)
FNDA:1,(anonymous_1)
FNDA:1,(anonymous_2)
FNDA:1,(anonymous_3)
DA:4,4
DA:5,1
DA:6,1
DA:8,1
DA:11,1
LF:5
LH:5
BRF:0
BRH:0
end_of_record
TN:
SF:/Users/oluwakunlefakorede/Desktop/FrostyFood/Food-Fast-Food/client/src/components/forms/MenuForm.jsx
FN:3,(anonymous_0)
FNF:1
FNH:1
FNDA:1,(anonymous_0)
DA:3,1
DA:4,1
LF:2
LH:2
BRF:0
BRH:0
end_of_record
TN:
SF:/Users/oluwakunlefakorede/Desktop/FrostyFood/Food-Fast-Food/client/src/components/forms/SearchForm.jsx
FN:3,(anonymous_0)
FNF:1
FNH:1
FNDA:1,(anonymous_0)
DA:3,5
DA:4,1
LF:2
LH:2
BRF:0
BRH:0
end_of_record
TN:
SF:/Users/oluwakunlefakorede/Desktop/FrostyFood/Food-Fast-Food/client/src/components/forms/SignupForm.jsx
FN:4,(anonymous_0)
FN:6,(anonymous_1)
FN:8,(anonymous_2)
FN:11,(anonymous_3)
FN:14,(anonymous_4)
FN:17,(anonymous_5)
FNF:6
FNH:6
FNDA:1,(anonymous_0)
FNDA:1,(anonymous_1)
FNDA:1,(anonymous_2)
FNDA:1,(anonymous_3)
FNDA:1,(anonymous_4)
FNDA:1,(anonymous_5)
DA:4,3
DA:5,1
DA:6,1
DA:8,1
DA:11,1
DA:14,1
DA:17,1
LF:7
LH:7
BRF:0
BRH:0
end_of_record
TN:
SF:/Users/oluwakunlefakorede/Desktop/FrostyFood/Food-Fast-Food/client/src/components/pages/ConfirmOrderPage.jsx
FN:11,(anonymous_0)
FN:14,(anonymous_1)
FN:21,(anonymous_2)
FN:26,(anonymous_3)
FN:53,(anonymous_4)
FNF:5
FNH:4
FNDA:1,(anonymous_0)
FNDA:1,(anonymous_1)
FNDA:1,(anonymous_2)
FNDA:2,(anonymous_3)
FNDA:0,(anonymous_4)
DA:12,1
DA:15,1
DA:16,1
DA:17,0
DA:22,1
DA:23,1
DA:24,1
DA:27,2
DA:28,2
DA:53,2
DA:54,0
LF:11
LH:9
BRDA:16,0,0,0
BRDA:16,0,1,1
BRDA:30,1,0,1
BRDA:30,1,1,1
BRF:4
BRH:3
end_of_record
TN:
SF:/Users/oluwakunlefakorede/Desktop/FrostyFood/Food-Fast-Food/client/src/components/pages/DeleteOrder.jsx
FN:10,(anonymous_0)
FN:15,(anonymous_1)
FN:20,(anonymous_2)
FN:26,(anonymous_3)
FN:52,(anonymous_4)
FNF:5
FNH:4
FNDA:1,(anonymous_0)
FNDA:1,(anonymous_1)
FNDA:1,(anonymous_2)
FNDA:2,(anonymous_3)
FNDA:0,(anonymous_4)
DA:11,1
DA:12,1
DA:16,1
DA:17,1
DA:21,1
DA:22,1
DA:23,0
DA:27,2
DA:28,2
DA:52,2
DA:53,0
LF:11
LH:9
BRDA:22,0,0,0
BRDA:22,0,1,1
BRDA:30,1,0,1
BRDA:30,1,1,1
BRF:4
BRH:3
end_of_record
TN:
SF:/Users/oluwakunlefakorede/Desktop/FrostyFood/Food-Fast-Food/client/src/components/pages/ErrorPage.jsx
FN:3,(anonymous_0)
FNF:1
FNH:1
FNDA:1,(anonymous_0)
DA:3,2
DA:4,1
LF:2
LH:2
BRF:0
BRH:0
end_of_record
TN:
SF:/Users/oluwakunlefakorede/Desktop/FrostyFood/Food-Fast-Food/client/src/components/pages/Homepage.jsx
FN:7,(anonymous_0)
FNF:1
FNH:1
FNDA:1,(anonymous_0)
DA:8,1
LF:1
LH:1
BRF:0
BRH:0
end_of_record
TN:
SF:/Users/oluwakunlefakorede/Desktop/FrostyFood/Food-Fast-Food/client/src/components/pages/LoginPage.jsx
FN:14,(anonymous_0)
FN:20,(anonymous_1)
FN:25,(anonymous_2)
FN:32,(anonymous_3)
FN:62,(anonymous_4)
FNF:5
FNH:4
FNDA:2,(anonymous_0)
FNDA:2,(anonymous_1)
FNDA:1,(anonymous_2)
FNDA:3,(anonymous_3)
FNDA:0,(anonymous_4)
DA:15,2
DA:16,2
DA:17,0
DA:21,2
DA:26,1
DA:27,1
DA:28,1
DA:29,1
DA:30,1
DA:33,3
DA:62,2
DA:63,0
LF:12
LH:10
BRDA:16,0,0,0
BRDA:16,0,1,2
BRF:2
BRH:1
end_of_record
TN:
SF:/Users/oluwakunlefakorede/Desktop/FrostyFood/Food-Fast-Food/client/src/components/pages/OneOrder.jsx
FN:8,(anonymous_0)
FN:14,(anonymous_1)
FN:21,(anonymous_2)
FN:36,(anonymous_3)
FNF:4
FNH:4
FNDA:1,(anonymous_0)
FNDA:1,(anonymous_1)
FNDA:2,(anonymous_2)
FNDA:42,(anonymous_3)
DA:9,1
DA:15,1
DA:16,1
DA:17,1
DA:18,1
DA:19,1
DA:22,2
DA:23,2
DA:24,2
DA:37,42
LF:10
LH:10
BRF:0
BRH:0
end_of_record
TN:
SF:/Users/oluwakunlefakorede/Desktop/FrostyFood/Food-Fast-Food/client/src/components/pages/OneOrderDelete.jsx
FN:5,(anonymous_0)
FN:9,(anonymous_1)
FN:12,(anonymous_2)
FNF:3
FNH:3
FNDA:1,(anonymous_0)
FNDA:1,(anonymous_1)
FNDA:1,(anonymous_2)
DA:6,1
DA:7,1
DA:10,1
DA:11,1
DA:12,1
DA:13,1
DA:15,1
DA:16,1
LF:8
LH:8
BRDA:15,0,0,1
BRDA:15,0,1,1
BRF:2
BRH:2
end_of_record
TN:
SF:/Users/oluwakunlefakorede/Desktop/FrostyFood/Food-Fast-Food/client/src/components/pages/OrderHistory.jsx
FN:12,(anonymous_0)
FN:17,(anonymous_1)
FN:22,(anonymous_2)
FN:35,(anonymous_3)
FN:50,(anonymous_4)
FNF:5
FNH:3
FNDA:1,(anonymous_0)
FNDA:1,(anonymous_1)
FNDA:1,(anonymous_2)
FNDA:0,(anonymous_3)
FNDA:0,(anonymous_4)
DA:13,1
DA:14,1
DA:18,1
DA:19,1
DA:20,1
DA:23,1
DA:24,1
DA:36,0
DA:50,2
DA:51,0
LF:10
LH:8
BRDA:35,0,0,0
BRDA:35,0,1,1
BRDA:35,1,0,1
BRDA:35,1,1,0
BRF:4
BRH:2
end_of_record
TN:
SF:/Users/oluwakunlefakorede/Desktop/FrostyFood/Food-Fast-Food/client/src/components/pages/OrderPage.jsx
FN:9,(anonymous_0)
FN:13,(anonymous_1)
FN:18,(anonymous_2)
FN:35,(anonymous_3)
FNF:4
FNH:3
FNDA:1,(anonymous_0)
FNDA:1,(anonymous_1)
FNDA:1,(anonymous_2)
FNDA:0,(anonymous_3)
DA:10,1
DA:14,1
DA:15,1
DA:16,1
DA:19,1
DA:20,1
DA:35,2
DA:36,0
LF:8
LH:7
BRF:0
BRH:0
end_of_record
TN:
SF:/Users/oluwakunlefakorede/Desktop/FrostyFood/Food-Fast-Food/client/src/components/pages/SignupPage.jsx
FN:16,(anonymous_0)
FN:23,(anonymous_1)
FN:28,(anonymous_2)
FN:34,(anonymous_3)
FN:64,(anonymous_4)
FNF:5
FNH:4
FNDA:4,(anonymous_0)
FNDA:4,(anonymous_1)
FNDA:1,(anonymous_2)
FNDA:5,(anonymous_3)
FNDA:0,(anonymous_4)
DA:17,4
DA:18,4
DA:19,0
DA:24,4
DA:29,1
DA:30,1
DA:31,1
DA:32,1
DA:35,5
DA:64,2
DA:65,0
LF:11
LH:9
BRDA:18,0,0,0
BRDA:18,0,1,4
BRF:2
BRH:1
end_of_record
TN:
SF:/Users/oluwakunlefakorede/Desktop/FrostyFood/Food-Fast-Food/client/src/helpers/getStorage.js
FN:1,(anonymous_0)
FNF:1
FNH:1
FNDA:18,(anonymous_0)
DA:1,18
LF:1
LH:1
BRF:0
BRH:0
end_of_record
TN:
SF:/Users/oluwakunlefakorede/Desktop/FrostyFood/Food-Fast-Food/client/src/helpers/setStorage.js
FN:1,(anonymous_0)
FNF:1
FNH:1
FNDA:4,(anonymous_0)
DA:1,10
LF:1
LH:1
BRF:0
BRH:0
end_of_record
TN:
SF:/Users/oluwakunlefakorede/Desktop/FrostyFood/Food-Fast-Food/client/src/reducers/index.js
FNF:0
FNH:0
DA:1,0
DA:2,0
DA:3,0
DA:4,0
DA:6,0
LF:5
LH:0
BRF:0
BRH:0
end_of_record
TN:
SF:/Users/oluwakunlefakorede/Desktop/FrostyFood/Food-Fast-Food/client/src/reducers/menuReducer.js
FN:6,(anonymous_0)
FNF:1
FNH:1
FNDA:4,(anonymous_0)
DA:1,1
DA:6,1
DA:7,4
DA:9,1
DA:15,1
DA:21,1
DA:27,1
DA:33,0
LF:8
LH:7
BRDA:6,0,0,3
BRDA:7,1,0,1
BRDA:7,1,1,1
BRDA:7,1,2,1
BRDA:7,1,3,1
BRDA:7,1,4,0
BRF:6
BRH:5
end_of_record
TN:
SF:/Users/oluwakunlefakorede/Desktop/FrostyFood/Food-Fast-Food/client/src/reducers/orderReducer.js
FN:7,(anonymous_0)
FN:37,(anonymous_1)
FNF:2
FNH:1
FNDA:5,(anonymous_0)
FNDA:0,(anonymous_1)
DA:1,1
DA:7,1
DA:8,5
DA:10,1
DA:16,1
DA:22,1
DA:28,1
DA:34,0
DA:37,0
DA:40,1
LF:10
LH:8
BRDA:7,0,0,1
BRDA:8,1,0,1
BRDA:8,1,1,1
BRDA:8,1,2,1
BRDA:8,1,3,1
BRDA:8,1,4,0
BRDA:8,1,5,1
BRF:7
BRH:6
end_of_record
TN:
SF:/Users/oluwakunlefakorede/Desktop/FrostyFood/Food-Fast-Food/client/src/reducers/userReducer.js
FN:7,(anonymous_0)
FNF:1
FNH:1
FNDA:4,(anonymous_0)
DA:1,1
DA:7,1
DA:8,4
DA:10,1
DA:17,1
DA:24,1
DA:30,1
DA:36,0
LF:8
LH:7
BRDA:7,0,0,2
BRDA:8,1,0,1
BRDA:8,1,1,1
BRDA:8,1,2,1
BRDA:8,1,3,1
BRDA:8,1,4,0
BRF:6
BRH:5
end_of_record
TN:
SF:/Users/oluwakunlefakorede/Desktop/FrostyFood/Food-Fast-Food/client/src/store/index.js
FNF:0
FNH:0
DA:1,0
DA:2,0
DA:3,0
DA:4,0
DA:6,0
DA:8,0
LF:6
LH:0
BRF:0
BRH:0
end_of_record
